[2019-04-16 23:42:06.038][main]INFO:----------------version.txt--------------------
[2019-04-16 23:42:06.054][main]INFO:Release Only!
[2019-04-16 23:42:06.054][main]INFO:-----------------------------------------------
[2019-04-16 23:42:06.054][main]INFO:Reg thread: 1
[2019-04-16 23:42:06.054][main]INFO:===========基础管理器初始化完成==============
[2019-04-16 23:42:06.054][main]INFO:=======开始加载配表
[2019-04-16 23:42:06.101][main]INFO:进行配表检测...
[2019-04-16 23:42:06.101][main]INFO:配表检测完毕，用时:0ms
[2019-04-16 23:42:06.101][main]INFO:=======配表加载结束
[2019-04-16 23:42:06.179][main]INFO:数据库连接地址：jdbc:mysql://127.0.0.1:3306/clark_game?useUnicode=true&characterEncoding=utf8&autoReconnect=true&failOverReadOnly=false
[2019-04-16 23:42:06.210][main]INFO:数据库连接地址：jdbc:mysql://127.0.0.1:3306/db_zle?useUnicode=true&characterEncoding=utf8&autoReconnect=true&failOverReadOnly=false
[2019-04-16 23:42:06.217][main]INFO:数据库连接地址：jdbc:mysql://127.0.0.1:3306/clark_log?useUnicode=true&characterEncoding=utf8&autoReconnect=true&failOverReadOnly=false
[2019-04-16 23:42:06.897][main]INFO:AutoUpdate: [clark_game] current version=[1.0.0.1] is the newest.
[2019-04-16 23:42:06.913][main]INFO:AutoUpdate: [clark_log] current version=[1.0.0.1] is the newest.
[2019-04-16 23:42:06.913][main]INFO:注册SDK日志 DBFlowLogger 
[2019-04-16 23:42:06.913][main]INFO:注册SDK日志 RedisFlowLogger 
[2019-04-16 23:42:06.975][STT-Default-1]INFO:Reg thread: 28
[2019-04-16 23:42:06.975][STT-Default-2]INFO:Reg thread: 29
[2019-04-16 23:42:06.975][STT-Default-3]INFO:Reg thread: 30
[2019-04-16 23:42:06.975][STT-Default-0]INFO:Reg thread: 27
[2019-04-16 23:42:07.194][main]INFO:[PlayerMgr.init] load player begin...]
[2019-04-16 23:42:07.210][main]INFO:[PlayerMgr.init] load player success, count: 212
[2019-04-16 23:42:07.210][main]INFO:[服务器启动完毕]!
[2019-04-16 23:42:50.321][main]INFO:----------------version.txt--------------------
[2019-04-16 23:42:50.337][main]INFO:Release Only!
[2019-04-16 23:42:50.337][main]INFO:-----------------------------------------------
[2019-04-16 23:42:50.337][main]INFO:Reg thread: 1
[2019-04-16 23:42:50.337][main]INFO:===========基础管理器初始化完成==============
[2019-04-16 23:42:50.337][main]INFO:=======开始加载配表
[2019-04-16 23:42:50.384][main]INFO:进行配表检测...
[2019-04-16 23:42:50.384][main]INFO:配表检测完毕，用时:0ms
[2019-04-16 23:42:50.384][main]INFO:=======配表加载结束
[2019-04-16 23:42:50.436][main]INFO:数据库连接地址：jdbc:mysql://127.0.0.1:3306/clark_game?useUnicode=true&characterEncoding=utf8&autoReconnect=true&failOverReadOnly=false
[2019-04-16 23:42:50.475][main]INFO:数据库连接地址：jdbc:mysql://127.0.0.1:3306/db_zle?useUnicode=true&characterEncoding=utf8&autoReconnect=true&failOverReadOnly=false
[2019-04-16 23:42:50.475][main]INFO:数据库连接地址：jdbc:mysql://127.0.0.1:3306/clark_log?useUnicode=true&characterEncoding=utf8&autoReconnect=true&failOverReadOnly=false
[2019-04-16 23:42:51.069][main]INFO:AutoUpdate: [clark_game] current version=[1.0.0.1] is the newest.
[2019-04-16 23:42:51.069][main]INFO:AutoUpdate: [clark_log] current version=[1.0.0.1] is the newest.
[2019-04-16 23:42:51.069][main]INFO:注册SDK日志 DBFlowLogger 
[2019-04-16 23:42:51.069][main]INFO:注册SDK日志 RedisFlowLogger 
[2019-04-16 23:42:51.132][STT-Default-0]INFO:Reg thread: 27
[2019-04-16 23:42:51.132][STT-Default-1]INFO:Reg thread: 28
[2019-04-16 23:42:51.132][STT-Default-2]INFO:Reg thread: 29
[2019-04-16 23:42:51.132][STT-Default-3]INFO:Reg thread: 30
[2019-04-16 23:42:51.147][main]ERROR:启动Http错误
java.net.BindException: Address already in use: bind
	at sun.nio.ch.Net.bind0(Native Method) ~[na:1.8.0_131]
	at sun.nio.ch.Net.bind(Net.java:433) ~[na:1.8.0_131]
	at sun.nio.ch.Net.bind(Net.java:425) ~[na:1.8.0_131]
	at sun.nio.ch.ServerSocketChannelImpl.bind(ServerSocketChannelImpl.java:223) ~[na:1.8.0_131]
	at sun.nio.ch.ServerSocketAdaptor.bind(ServerSocketAdaptor.java:74) ~[na:1.8.0_131]
	at sun.net.httpserver.ServerImpl.<init>(ServerImpl.java:100) ~[na:1.8.0_131]
	at sun.net.httpserver.HttpServerImpl.<init>(HttpServerImpl.java:50) ~[na:1.8.0_131]
	at sun.net.httpserver.DefaultHttpServerProvider.createHttpServer(DefaultHttpServerProvider.java:35) ~[na:1.8.0_131]
	at com.ddm.server.http.server.MGHttpServer.createServer(MGHttpServer.java:13) ~[bin/:na]
	at core.server.GameServer.starHttp(GameServer.java:123) [bin/:na]
	at core.server.GameServer.initNetwork(GameServer.java:94) [bin/:na]
	at com.ddm.server.common.IApp.init(IApp.java:49) [bin/:na]
	at core.server.GameServer.main(GameServer.java:35) [bin/:na]
[2019-04-16 23:43:17.404][main]INFO:----------------version.txt--------------------
[2019-04-16 23:43:17.416][main]INFO:Release Only!
[2019-04-16 23:43:17.417][main]INFO:-----------------------------------------------
[2019-04-16 23:43:17.418][main]INFO:Reg thread: 1
[2019-04-16 23:43:17.422][main]INFO:===========基础管理器初始化完成==============
[2019-04-16 23:43:17.425][main]INFO:=======开始加载配表
[2019-04-16 23:43:17.492][main]INFO:进行配表检测...
[2019-04-16 23:43:17.492][main]INFO:配表检测完毕，用时:0ms
[2019-04-16 23:43:17.492][main]INFO:=======配表加载结束
[2019-04-16 23:43:17.532][main]INFO:数据库连接地址：jdbc:mysql://127.0.0.1:3306/clark_game?useUnicode=true&characterEncoding=utf8&autoReconnect=true&failOverReadOnly=false
[2019-04-16 23:43:17.595][main]INFO:数据库连接地址：jdbc:mysql://127.0.0.1:3306/db_zle?useUnicode=true&characterEncoding=utf8&autoReconnect=true&failOverReadOnly=false
[2019-04-16 23:43:17.595][main]INFO:数据库连接地址：jdbc:mysql://127.0.0.1:3306/clark_log?useUnicode=true&characterEncoding=utf8&autoReconnect=true&failOverReadOnly=false
[2019-04-16 23:43:18.188][main]INFO:AutoUpdate: [clark_game] current version=[1.0.0.1] is the newest.
[2019-04-16 23:43:18.204][main]INFO:AutoUpdate: [clark_log] current version=[1.0.0.1] is the newest.
[2019-04-16 23:43:18.204][main]INFO:注册SDK日志 DBFlowLogger 
[2019-04-16 23:43:18.204][main]INFO:注册SDK日志 RedisFlowLogger 
[2019-04-16 23:43:18.282][STT-Default-0]INFO:Reg thread: 27
[2019-04-16 23:43:18.282][STT-Default-1]INFO:Reg thread: 28
[2019-04-16 23:43:18.282][STT-Default-2]INFO:Reg thread: 29
[2019-04-16 23:43:18.282][STT-Default-3]INFO:Reg thread: 30
[2019-04-16 23:43:18.282][main]ERROR:启动Http错误
java.net.BindException: Address already in use: bind
	at sun.nio.ch.Net.bind0(Native Method) ~[na:1.8.0_131]
	at sun.nio.ch.Net.bind(Net.java:433) ~[na:1.8.0_131]
	at sun.nio.ch.Net.bind(Net.java:425) ~[na:1.8.0_131]
	at sun.nio.ch.ServerSocketChannelImpl.bind(ServerSocketChannelImpl.java:223) ~[na:1.8.0_131]
	at sun.nio.ch.ServerSocketAdaptor.bind(ServerSocketAdaptor.java:74) ~[na:1.8.0_131]
	at sun.net.httpserver.ServerImpl.<init>(ServerImpl.java:100) ~[na:1.8.0_131]
	at sun.net.httpserver.HttpServerImpl.<init>(HttpServerImpl.java:50) ~[na:1.8.0_131]
	at sun.net.httpserver.DefaultHttpServerProvider.createHttpServer(DefaultHttpServerProvider.java:35) ~[na:1.8.0_131]
	at com.ddm.server.http.server.MGHttpServer.createServer(MGHttpServer.java:13) ~[bin/:na]
	at core.server.GameServer.starHttp(GameServer.java:123) [bin/:na]
	at core.server.GameServer.initNetwork(GameServer.java:94) [bin/:na]
	at com.ddm.server.common.IApp.init(IApp.java:49) [bin/:na]
	at core.server.GameServer.main(GameServer.java:35) [bin/:na]
[2019-04-16 23:46:34.699][main]INFO:----------------version.txt--------------------
[2019-04-16 23:46:34.701][main]INFO:Release Only!
[2019-04-16 23:46:34.701][main]INFO:-----------------------------------------------
[2019-04-16 23:46:34.703][main]INFO:Reg thread: 1
[2019-04-16 23:46:34.705][main]INFO:===========基础管理器初始化完成==============
[2019-04-16 23:46:34.707][main]INFO:=======开始加载配表
[2019-04-16 23:46:34.761][main]INFO:进行配表检测...
[2019-04-16 23:46:34.762][main]INFO:配表检测完毕，用时:1ms
[2019-04-16 23:46:34.764][main]INFO:=======配表加载结束
[2019-04-16 23:46:34.798][main]INFO:数据库连接地址：jdbc:mysql://127.0.0.1:3306/clark_game?useUnicode=true&characterEncoding=utf8&autoReconnect=true&failOverReadOnly=false
[2019-04-16 23:46:34.841][main]INFO:数据库连接地址：jdbc:mysql://127.0.0.1:3306/db_zle?useUnicode=true&characterEncoding=utf8&autoReconnect=true&failOverReadOnly=false
[2019-04-16 23:46:34.842][main]INFO:数据库连接地址：jdbc:mysql://127.0.0.1:3306/clark_log?useUnicode=true&characterEncoding=utf8&autoReconnect=true&failOverReadOnly=false
[2019-04-16 23:46:35.442][main]INFO:AutoUpdate: [clark_game] current version=[1.0.0.1] is the newest.
[2019-04-16 23:46:35.448][main]INFO:AutoUpdate: [clark_log] current version=[1.0.0.1] is the newest.
[2019-04-16 23:46:35.458][main]INFO:注册SDK日志 DBFlowLogger 
[2019-04-16 23:46:35.459][main]INFO:注册SDK日志 RedisFlowLogger 
[2019-04-16 23:46:35.529][STT-Default-0]INFO:Reg thread: 27
[2019-04-16 23:46:35.530][STT-Default-1]INFO:Reg thread: 28
[2019-04-16 23:46:35.530][STT-Default-2]INFO:Reg thread: 29
[2019-04-16 23:46:35.530][STT-Default-3]INFO:Reg thread: 30
[2019-04-16 23:46:35.535][main]ERROR:-----------------
[2019-04-16 23:46:35.545][main]ERROR:启动Http错误
java.net.BindException: Address already in use: bind
	at sun.nio.ch.Net.bind0(Native Method) ~[na:1.8.0_131]
	at sun.nio.ch.Net.bind(Net.java:433) ~[na:1.8.0_131]
	at sun.nio.ch.Net.bind(Net.java:425) ~[na:1.8.0_131]
	at sun.nio.ch.ServerSocketChannelImpl.bind(ServerSocketChannelImpl.java:223) ~[na:1.8.0_131]
	at sun.nio.ch.ServerSocketAdaptor.bind(ServerSocketAdaptor.java:74) ~[na:1.8.0_131]
	at sun.net.httpserver.ServerImpl.<init>(ServerImpl.java:100) ~[na:1.8.0_131]
	at sun.net.httpserver.HttpServerImpl.<init>(HttpServerImpl.java:50) ~[na:1.8.0_131]
	at sun.net.httpserver.DefaultHttpServerProvider.createHttpServer(DefaultHttpServerProvider.java:35) ~[na:1.8.0_131]
	at com.ddm.server.http.server.MGHttpServer.createServer(MGHttpServer.java:13) ~[bin/:na]
	at core.server.GameServer.starHttp(GameServer.java:123) [bin/:na]
	at core.server.GameServer.initNetwork(GameServer.java:94) [bin/:na]
	at com.ddm.server.common.IApp.init(IApp.java:50) [bin/:na]
	at core.server.GameServer.main(GameServer.java:35) [bin/:na]
[2019-04-16 23:46:46.292][main]INFO:----------------version.txt--------------------
[2019-04-16 23:46:46.292][main]INFO:Release Only!
[2019-04-16 23:46:46.292][main]INFO:-----------------------------------------------
[2019-04-16 23:46:46.307][main]INFO:Reg thread: 1
[2019-04-16 23:46:46.307][main]INFO:===========基础管理器初始化完成==============
[2019-04-16 23:46:46.307][main]INFO:=======开始加载配表
[2019-04-16 23:46:46.370][main]INFO:进行配表检测...
[2019-04-16 23:46:46.370][main]INFO:配表检测完毕，用时:0ms
[2019-04-16 23:46:46.370][main]INFO:=======配表加载结束
[2019-04-16 23:46:46.430][main]INFO:数据库连接地址：jdbc:mysql://127.0.0.1:3306/clark_game?useUnicode=true&characterEncoding=utf8&autoReconnect=true&failOverReadOnly=false
[2019-04-16 23:46:46.463][main]INFO:数据库连接地址：jdbc:mysql://127.0.0.1:3306/db_zle?useUnicode=true&characterEncoding=utf8&autoReconnect=true&failOverReadOnly=false
[2019-04-16 23:46:46.463][main]INFO:数据库连接地址：jdbc:mysql://127.0.0.1:3306/clark_log?useUnicode=true&characterEncoding=utf8&autoReconnect=true&failOverReadOnly=false
[2019-04-16 23:46:47.042][main]INFO:AutoUpdate: [clark_game] current version=[1.0.0.1] is the newest.
[2019-04-16 23:46:47.046][main]INFO:AutoUpdate: [clark_log] current version=[1.0.0.1] is the newest.
[2019-04-16 23:46:47.046][main]INFO:注册SDK日志 DBFlowLogger 
[2019-04-16 23:46:47.046][main]INFO:注册SDK日志 RedisFlowLogger 
[2019-04-16 23:46:47.108][STT-Default-0]INFO:Reg thread: 27
[2019-04-16 23:46:47.108][STT-Default-1]INFO:Reg thread: 28
[2019-04-16 23:46:47.108][STT-Default-2]INFO:Reg thread: 29
[2019-04-16 23:46:47.108][STT-Default-3]INFO:Reg thread: 30
[2019-04-16 23:46:47.124][main]ERROR:启动Http错误
java.net.BindException: Address already in use: bind
	at sun.nio.ch.Net.bind0(Native Method) ~[na:1.8.0_131]
	at sun.nio.ch.Net.bind(Net.java:433) ~[na:1.8.0_131]
	at sun.nio.ch.Net.bind(Net.java:425) ~[na:1.8.0_131]
	at sun.nio.ch.ServerSocketChannelImpl.bind(ServerSocketChannelImpl.java:223) ~[na:1.8.0_131]
	at sun.nio.ch.ServerSocketAdaptor.bind(ServerSocketAdaptor.java:74) ~[na:1.8.0_131]
	at sun.net.httpserver.ServerImpl.<init>(ServerImpl.java:100) ~[na:1.8.0_131]
	at sun.net.httpserver.HttpServerImpl.<init>(HttpServerImpl.java:50) ~[na:1.8.0_131]
	at sun.net.httpserver.DefaultHttpServerProvider.createHttpServer(DefaultHttpServerProvider.java:35) ~[na:1.8.0_131]
	at com.ddm.server.http.server.MGHttpServer.createServer(MGHttpServer.java:13) ~[bin/:na]
	at core.server.GameServer.starHttp(GameServer.java:123) [bin/:na]
	at core.server.GameServer.initNetwork(GameServer.java:94) [bin/:na]
	at com.ddm.server.common.IApp.init(IApp.java:49) [bin/:na]
	at core.server.GameServer.main(GameServer.java:35) [bin/:na]
[2019-04-16 23:46:56.510][main]INFO:----------------version.txt--------------------
[2019-04-16 23:46:56.510][main]INFO:Release Only!
[2019-04-16 23:46:56.510][main]INFO:-----------------------------------------------
[2019-04-16 23:46:56.510][main]INFO:Reg thread: 1
[2019-04-16 23:46:56.510][main]INFO:===========基础管理器初始化完成==============
[2019-04-16 23:46:56.510][main]INFO:=======开始加载配表
[2019-04-16 23:46:56.573][main]INFO:进行配表检测...
[2019-04-16 23:46:56.573][main]INFO:配表检测完毕，用时:0ms
[2019-04-16 23:46:56.573][main]INFO:=======配表加载结束
[2019-04-16 23:46:56.604][main]INFO:数据库连接地址：jdbc:mysql://127.0.0.1:3306/clark_game?useUnicode=true&characterEncoding=utf8&autoReconnect=true&failOverReadOnly=false
[2019-04-16 23:46:56.651][main]INFO:数据库连接地址：jdbc:mysql://127.0.0.1:3306/db_zle?useUnicode=true&characterEncoding=utf8&autoReconnect=true&failOverReadOnly=false
[2019-04-16 23:46:56.651][main]INFO:数据库连接地址：jdbc:mysql://127.0.0.1:3306/clark_log?useUnicode=true&characterEncoding=utf8&autoReconnect=true&failOverReadOnly=false
[2019-04-16 23:46:57.260][main]INFO:AutoUpdate: [clark_game] current version=[1.0.0.1] is the newest.
[2019-04-16 23:46:57.266][main]INFO:AutoUpdate: [clark_log] current version=[1.0.0.1] is the newest.
[2019-04-16 23:46:57.266][main]INFO:注册SDK日志 DBFlowLogger 
[2019-04-16 23:46:57.266][main]INFO:注册SDK日志 RedisFlowLogger 
[2019-04-16 23:46:57.344][STT-Default-0]INFO:Reg thread: 27
[2019-04-16 23:46:57.344][STT-Default-1]INFO:Reg thread: 28
[2019-04-16 23:46:57.344][STT-Default-2]INFO:Reg thread: 29
[2019-04-16 23:46:57.344][STT-Default-3]INFO:Reg thread: 30
[2019-04-16 23:46:57.344][main]ERROR:-----------------
[2019-04-16 23:46:57.358][main]ERROR:启动Http错误
java.net.BindException: Address already in use: bind
	at sun.nio.ch.Net.bind0(Native Method) ~[na:1.8.0_131]
	at sun.nio.ch.Net.bind(Net.java:433) ~[na:1.8.0_131]
	at sun.nio.ch.Net.bind(Net.java:425) ~[na:1.8.0_131]
	at sun.nio.ch.ServerSocketChannelImpl.bind(ServerSocketChannelImpl.java:223) ~[na:1.8.0_131]
	at sun.nio.ch.ServerSocketAdaptor.bind(ServerSocketAdaptor.java:74) ~[na:1.8.0_131]
	at sun.net.httpserver.ServerImpl.<init>(ServerImpl.java:100) ~[na:1.8.0_131]
	at sun.net.httpserver.HttpServerImpl.<init>(HttpServerImpl.java:50) ~[na:1.8.0_131]
	at sun.net.httpserver.DefaultHttpServerProvider.createHttpServer(DefaultHttpServerProvider.java:35) ~[na:1.8.0_131]
	at com.ddm.server.http.server.MGHttpServer.createServer(MGHttpServer.java:13) ~[bin/:na]
	at core.server.GameServer.starHttp(GameServer.java:123) [bin/:na]
	at core.server.GameServer.initNetwork(GameServer.java:94) [bin/:na]
	at com.ddm.server.common.IApp.init(IApp.java:50) [bin/:na]
	at core.server.GameServer.main(GameServer.java:35) [bin/:na]
