2019-04-16 23:42:51.147[main]ERROR:启动Http错误
java.net.BindException: Address already in use: bind
	at sun.nio.ch.Net.bind0(Native Method) ~[na:1.8.0_131]
	at sun.nio.ch.Net.bind(Net.java:433) ~[na:1.8.0_131]
	at sun.nio.ch.Net.bind(Net.java:425) ~[na:1.8.0_131]
	at sun.nio.ch.ServerSocketChannelImpl.bind(ServerSocketChannelImpl.java:223) ~[na:1.8.0_131]
	at sun.nio.ch.ServerSocketAdaptor.bind(ServerSocketAdaptor.java:74) ~[na:1.8.0_131]
	at sun.net.httpserver.ServerImpl.<init>(ServerImpl.java:100) ~[na:1.8.0_131]
	at sun.net.httpserver.HttpServerImpl.<init>(HttpServerImpl.java:50) ~[na:1.8.0_131]
	at sun.net.httpserver.DefaultHttpServerProvider.createHttpServer(DefaultHttpServerProvider.java:35) ~[na:1.8.0_131]
	at com.ddm.server.http.server.MGHttpServer.createServer(MGHttpServer.java:13) ~[bin/:na]
	at core.server.GameServer.starHttp(GameServer.java:123) [bin/:na]
	at core.server.GameServer.initNetwork(GameServer.java:94) [bin/:na]
	at com.ddm.server.common.IApp.init(IApp.java:49) [bin/:na]
	at core.server.GameServer.main(GameServer.java:35) [bin/:na]
2019-04-16 23:43:18.282[main]ERROR:启动Http错误
java.net.BindException: Address already in use: bind
	at sun.nio.ch.Net.bind0(Native Method) ~[na:1.8.0_131]
	at sun.nio.ch.Net.bind(Net.java:433) ~[na:1.8.0_131]
	at sun.nio.ch.Net.bind(Net.java:425) ~[na:1.8.0_131]
	at sun.nio.ch.ServerSocketChannelImpl.bind(ServerSocketChannelImpl.java:223) ~[na:1.8.0_131]
	at sun.nio.ch.ServerSocketAdaptor.bind(ServerSocketAdaptor.java:74) ~[na:1.8.0_131]
	at sun.net.httpserver.ServerImpl.<init>(ServerImpl.java:100) ~[na:1.8.0_131]
	at sun.net.httpserver.HttpServerImpl.<init>(HttpServerImpl.java:50) ~[na:1.8.0_131]
	at sun.net.httpserver.DefaultHttpServerProvider.createHttpServer(DefaultHttpServerProvider.java:35) ~[na:1.8.0_131]
	at com.ddm.server.http.server.MGHttpServer.createServer(MGHttpServer.java:13) ~[bin/:na]
	at core.server.GameServer.starHttp(GameServer.java:123) [bin/:na]
	at core.server.GameServer.initNetwork(GameServer.java:94) [bin/:na]
	at com.ddm.server.common.IApp.init(IApp.java:49) [bin/:na]
	at core.server.GameServer.main(GameServer.java:35) [bin/:na]
2019-04-16 23:46:35.535[main]ERROR:-----------------
2019-04-16 23:46:35.545[main]ERROR:启动Http错误
java.net.BindException: Address already in use: bind
	at sun.nio.ch.Net.bind0(Native Method) ~[na:1.8.0_131]
	at sun.nio.ch.Net.bind(Net.java:433) ~[na:1.8.0_131]
	at sun.nio.ch.Net.bind(Net.java:425) ~[na:1.8.0_131]
	at sun.nio.ch.ServerSocketChannelImpl.bind(ServerSocketChannelImpl.java:223) ~[na:1.8.0_131]
	at sun.nio.ch.ServerSocketAdaptor.bind(ServerSocketAdaptor.java:74) ~[na:1.8.0_131]
	at sun.net.httpserver.ServerImpl.<init>(ServerImpl.java:100) ~[na:1.8.0_131]
	at sun.net.httpserver.HttpServerImpl.<init>(HttpServerImpl.java:50) ~[na:1.8.0_131]
	at sun.net.httpserver.DefaultHttpServerProvider.createHttpServer(DefaultHttpServerProvider.java:35) ~[na:1.8.0_131]
	at com.ddm.server.http.server.MGHttpServer.createServer(MGHttpServer.java:13) ~[bin/:na]
	at core.server.GameServer.starHttp(GameServer.java:123) [bin/:na]
	at core.server.GameServer.initNetwork(GameServer.java:94) [bin/:na]
	at com.ddm.server.common.IApp.init(IApp.java:50) [bin/:na]
	at core.server.GameServer.main(GameServer.java:35) [bin/:na]
2019-04-16 23:46:47.124[main]ERROR:启动Http错误
java.net.BindException: Address already in use: bind
	at sun.nio.ch.Net.bind0(Native Method) ~[na:1.8.0_131]
	at sun.nio.ch.Net.bind(Net.java:433) ~[na:1.8.0_131]
	at sun.nio.ch.Net.bind(Net.java:425) ~[na:1.8.0_131]
	at sun.nio.ch.ServerSocketChannelImpl.bind(ServerSocketChannelImpl.java:223) ~[na:1.8.0_131]
	at sun.nio.ch.ServerSocketAdaptor.bind(ServerSocketAdaptor.java:74) ~[na:1.8.0_131]
	at sun.net.httpserver.ServerImpl.<init>(ServerImpl.java:100) ~[na:1.8.0_131]
	at sun.net.httpserver.HttpServerImpl.<init>(HttpServerImpl.java:50) ~[na:1.8.0_131]
	at sun.net.httpserver.DefaultHttpServerProvider.createHttpServer(DefaultHttpServerProvider.java:35) ~[na:1.8.0_131]
	at com.ddm.server.http.server.MGHttpServer.createServer(MGHttpServer.java:13) ~[bin/:na]
	at core.server.GameServer.starHttp(GameServer.java:123) [bin/:na]
	at core.server.GameServer.initNetwork(GameServer.java:94) [bin/:na]
	at com.ddm.server.common.IApp.init(IApp.java:49) [bin/:na]
	at core.server.GameServer.main(GameServer.java:35) [bin/:na]
2019-04-16 23:46:57.344[main]ERROR:-----------------
2019-04-16 23:46:57.358[main]ERROR:启动Http错误
java.net.BindException: Address already in use: bind
	at sun.nio.ch.Net.bind0(Native Method) ~[na:1.8.0_131]
	at sun.nio.ch.Net.bind(Net.java:433) ~[na:1.8.0_131]
	at sun.nio.ch.Net.bind(Net.java:425) ~[na:1.8.0_131]
	at sun.nio.ch.ServerSocketChannelImpl.bind(ServerSocketChannelImpl.java:223) ~[na:1.8.0_131]
	at sun.nio.ch.ServerSocketAdaptor.bind(ServerSocketAdaptor.java:74) ~[na:1.8.0_131]
	at sun.net.httpserver.ServerImpl.<init>(ServerImpl.java:100) ~[na:1.8.0_131]
	at sun.net.httpserver.HttpServerImpl.<init>(HttpServerImpl.java:50) ~[na:1.8.0_131]
	at sun.net.httpserver.DefaultHttpServerProvider.createHttpServer(DefaultHttpServerProvider.java:35) ~[na:1.8.0_131]
	at com.ddm.server.http.server.MGHttpServer.createServer(MGHttpServer.java:13) ~[bin/:na]
	at core.server.GameServer.starHttp(GameServer.java:123) [bin/:na]
	at core.server.GameServer.initNetwork(GameServer.java:94) [bin/:na]
	at com.ddm.server.common.IApp.init(IApp.java:50) [bin/:na]
	at core.server.GameServer.main(GameServer.java:35) [bin/:na]
