2019-04-24 21:40:33.942[main]ERROR:BaseRefDataMgr 解析值失败 [RefRoomCost] field:[GameType] type:[GameType] value:[ZYQZ_NN] 
2019-04-24 21:40:33.957[main]ERROR:BaseRefDataMgr 解析值失败 [RefRoomCost] field:[GameType] type:[GameType] value:[NNSZ_NN] 
2019-04-24 21:40:33.958[main]ERROR:BaseRefDataMgr 解析值失败 [RefRoomCost] field:[GameType] type:[GameType] value:[GDZJ_NN] 
2019-04-24 21:40:33.958[main]ERROR:BaseRefDataMgr 解析值失败 [RefRoomCost] field:[GameType] type:[GameType] value:[MPQZ_NN] 
2019-04-24 21:40:33.958[main]ERROR:BaseRefDataMgr 解析值失败 [RefRoomCost] field:[GameType] type:[GameType] value:[TBNN_NN] 
2019-04-24 21:40:33.958[main]ERROR:BaseRefDataMgr 解析值失败 [RefRoomCost] field:[GameType] type:[GameType] value:[LZ_NN] 
2019-04-24 21:40:33.963[main]ERROR:BaseRefDataMgr 解析值失败 [RefRoomCost] field:[GameType] type:[GameType] value:[JMHHMJ] 
2019-04-24 21:40:33.964[main]ERROR:BaseRefDataMgr 解析值失败 [RefRoomCost] field:[GameType] type:[GameType] value:[SSS_ZZ] 
2019-04-24 21:40:33.965[main]ERROR:BaseRefDataMgr 解析值失败 [RefRoomCost] field:[GameType] type:[GameType] value:[SSS_DR] 
2019-04-24 21:50:52.541[main]ERROR:BaseRefDataMgr 解析值失败 [RefRoomCost] field:[GameType] type:[GameType] value:[ZYQZ_NN] 
2019-04-24 21:50:52.543[main]ERROR:BaseRefDataMgr 解析值失败 [RefRoomCost] field:[GameType] type:[GameType] value:[NNSZ_NN] 
2019-04-24 21:50:52.544[main]ERROR:BaseRefDataMgr 解析值失败 [RefRoomCost] field:[GameType] type:[GameType] value:[GDZJ_NN] 
2019-04-24 21:50:52.545[main]ERROR:BaseRefDataMgr 解析值失败 [RefRoomCost] field:[GameType] type:[GameType] value:[MPQZ_NN] 
2019-04-24 21:50:52.547[main]ERROR:BaseRefDataMgr 解析值失败 [RefRoomCost] field:[GameType] type:[GameType] value:[TBNN_NN] 
2019-04-24 21:50:52.553[main]ERROR:BaseRefDataMgr 解析值失败 [RefRoomCost] field:[GameType] type:[GameType] value:[LZ_NN] 
2019-04-24 21:50:52.556[main]ERROR:BaseRefDataMgr 解析值失败 [RefRoomCost] field:[GameType] type:[GameType] value:[JMHHMJ] 
2019-04-24 21:50:52.556[main]ERROR:BaseRefDataMgr 解析值失败 [RefRoomCost] field:[GameType] type:[GameType] value:[SSS_ZZ] 
2019-04-24 21:50:52.557[main]ERROR:BaseRefDataMgr 解析值失败 [RefRoomCost] field:[GameType] type:[GameType] value:[SSS_DR] 
2019-04-24 21:50:53.683[main]ERROR:Service core.network.client2game.ClientAcceptor on ip 0.0.0.0, port 9999, faield!!!
{}
java.io.IOException: Error while binding on /0.0.0.0:9999
original message : Address already in use: bind
	at org.apache.mina.transport.socket.nio.NioSocketAcceptor.open(NioSocketAcceptor.java:238) ~[mina-core-2.0.9.jar:na]
	at org.apache.mina.transport.socket.nio.NioSocketAcceptor.open(NioSocketAcceptor.java:51) ~[mina-core-2.0.9.jar:na]
	at org.apache.mina.core.polling.AbstractPollingIoAcceptor.registerHandles(AbstractPollingIoAcceptor.java:583) ~[mina-core-2.0.9.jar:na]
	at org.apache.mina.core.polling.AbstractPollingIoAcceptor.access$400(AbstractPollingIoAcceptor.java:71) ~[mina-core-2.0.9.jar:na]
	at org.apache.mina.core.polling.AbstractPollingIoAcceptor$Acceptor.run(AbstractPollingIoAcceptor.java:457) ~[mina-core-2.0.9.jar:na]
	at org.apache.mina.util.NamePreservingRunnable.run(NamePreservingRunnable.java:64) ~[mina-core-2.0.9.jar:na]
	at java.util.concurrent.ThreadPoolExecutor.runWorker(ThreadPoolExecutor.java:1142) ~[na:1.8.0_131]
	at java.util.concurrent.ThreadPoolExecutor$Worker.run(ThreadPoolExecutor.java:617) ~[na:1.8.0_131]
	at java.lang.Thread.run(Thread.java:748) ~[na:1.8.0_131]
2019-04-24 21:51:04.363[main]ERROR:BaseRefDataMgr 解析值失败 [RefRoomCost] field:[GameType] type:[GameType] value:[ZYQZ_NN] 
2019-04-24 21:51:04.363[main]ERROR:BaseRefDataMgr 解析值失败 [RefRoomCost] field:[GameType] type:[GameType] value:[NNSZ_NN] 
2019-04-24 21:51:04.363[main]ERROR:BaseRefDataMgr 解析值失败 [RefRoomCost] field:[GameType] type:[GameType] value:[GDZJ_NN] 
2019-04-24 21:51:04.363[main]ERROR:BaseRefDataMgr 解析值失败 [RefRoomCost] field:[GameType] type:[GameType] value:[MPQZ_NN] 
2019-04-24 21:51:04.363[main]ERROR:BaseRefDataMgr 解析值失败 [RefRoomCost] field:[GameType] type:[GameType] value:[TBNN_NN] 
2019-04-24 21:51:04.363[main]ERROR:BaseRefDataMgr 解析值失败 [RefRoomCost] field:[GameType] type:[GameType] value:[LZ_NN] 
2019-04-24 21:51:04.363[main]ERROR:BaseRefDataMgr 解析值失败 [RefRoomCost] field:[GameType] type:[GameType] value:[JMHHMJ] 
2019-04-24 21:51:04.363[main]ERROR:BaseRefDataMgr 解析值失败 [RefRoomCost] field:[GameType] type:[GameType] value:[SSS_ZZ] 
2019-04-24 21:51:04.363[main]ERROR:BaseRefDataMgr 解析值失败 [RefRoomCost] field:[GameType] type:[GameType] value:[SSS_DR] 
2019-04-24 21:51:17.005[main]ERROR:BaseRefDataMgr 解析值失败 [RefRoomCost] field:[GameType] type:[GameType] value:[ZYQZ_NN] 
2019-04-24 21:51:17.006[main]ERROR:BaseRefDataMgr 解析值失败 [RefRoomCost] field:[GameType] type:[GameType] value:[NNSZ_NN] 
2019-04-24 21:51:17.007[main]ERROR:BaseRefDataMgr 解析值失败 [RefRoomCost] field:[GameType] type:[GameType] value:[GDZJ_NN] 
2019-04-24 21:51:17.008[main]ERROR:BaseRefDataMgr 解析值失败 [RefRoomCost] field:[GameType] type:[GameType] value:[MPQZ_NN] 
2019-04-24 21:51:17.010[main]ERROR:BaseRefDataMgr 解析值失败 [RefRoomCost] field:[GameType] type:[GameType] value:[TBNN_NN] 
2019-04-24 21:51:17.016[main]ERROR:BaseRefDataMgr 解析值失败 [RefRoomCost] field:[GameType] type:[GameType] value:[LZ_NN] 
2019-04-24 21:51:17.017[main]ERROR:BaseRefDataMgr 解析值失败 [RefRoomCost] field:[GameType] type:[GameType] value:[JMHHMJ] 
2019-04-24 21:51:17.017[main]ERROR:BaseRefDataMgr 解析值失败 [RefRoomCost] field:[GameType] type:[GameType] value:[SSS_ZZ] 
2019-04-24 21:51:17.018[main]ERROR:BaseRefDataMgr 解析值失败 [RefRoomCost] field:[GameType] type:[GameType] value:[SSS_DR] 
2019-04-24 21:51:49.143[main]ERROR:BaseRefDataMgr 解析值失败 [RefRoomCost] field:[GameType] type:[GameType] value:[ZYQZ_NN] 
2019-04-24 21:51:49.144[main]ERROR:BaseRefDataMgr 解析值失败 [RefRoomCost] field:[GameType] type:[GameType] value:[NNSZ_NN] 
2019-04-24 21:51:49.146[main]ERROR:BaseRefDataMgr 解析值失败 [RefRoomCost] field:[GameType] type:[GameType] value:[GDZJ_NN] 
2019-04-24 21:51:49.147[main]ERROR:BaseRefDataMgr 解析值失败 [RefRoomCost] field:[GameType] type:[GameType] value:[MPQZ_NN] 
2019-04-24 21:51:49.148[main]ERROR:BaseRefDataMgr 解析值失败 [RefRoomCost] field:[GameType] type:[GameType] value:[TBNN_NN] 
2019-04-24 21:51:49.149[main]ERROR:BaseRefDataMgr 解析值失败 [RefRoomCost] field:[GameType] type:[GameType] value:[LZ_NN] 
2019-04-24 21:51:49.151[main]ERROR:BaseRefDataMgr 解析值失败 [RefRoomCost] field:[GameType] type:[GameType] value:[JMHHMJ] 
2019-04-24 21:51:49.152[main]ERROR:BaseRefDataMgr 解析值失败 [RefRoomCost] field:[GameType] type:[GameType] value:[SSS_ZZ] 
2019-04-24 21:51:49.153[main]ERROR:BaseRefDataMgr 解析值失败 [RefRoomCost] field:[GameType] type:[GameType] value:[SSS_DR] 
2019-04-24 21:53:11.257[main]ERROR:BaseRefDataMgr 解析值失败 [RefRoomCost] field:[GameType] type:[GameType] value:[ZYQZ_NN] 
2019-04-24 21:53:11.257[main]ERROR:BaseRefDataMgr 解析值失败 [RefRoomCost] field:[GameType] type:[GameType] value:[NNSZ_NN] 
2019-04-24 21:53:11.257[main]ERROR:BaseRefDataMgr 解析值失败 [RefRoomCost] field:[GameType] type:[GameType] value:[GDZJ_NN] 
2019-04-24 21:53:11.257[main]ERROR:BaseRefDataMgr 解析值失败 [RefRoomCost] field:[GameType] type:[GameType] value:[MPQZ_NN] 
2019-04-24 21:53:11.257[main]ERROR:BaseRefDataMgr 解析值失败 [RefRoomCost] field:[GameType] type:[GameType] value:[TBNN_NN] 
2019-04-24 21:53:11.257[main]ERROR:BaseRefDataMgr 解析值失败 [RefRoomCost] field:[GameType] type:[GameType] value:[LZ_NN] 
2019-04-24 21:53:11.257[main]ERROR:BaseRefDataMgr 解析值失败 [RefRoomCost] field:[GameType] type:[GameType] value:[JMHHMJ] 
2019-04-24 21:53:11.257[main]ERROR:BaseRefDataMgr 解析值失败 [RefRoomCost] field:[GameType] type:[GameType] value:[SSS_ZZ] 
2019-04-24 21:53:11.257[main]ERROR:BaseRefDataMgr 解析值失败 [RefRoomCost] field:[GameType] type:[GameType] value:[SSS_DR] 
2019-04-24 21:54:17.257[main]ERROR:BaseRefDataMgr 解析值失败 [RefRoomCost] field:[GameType] type:[GameType] value:[ZYQZ_NN] 
2019-04-24 21:54:17.257[main]ERROR:BaseRefDataMgr 解析值失败 [RefRoomCost] field:[GameType] type:[GameType] value:[NNSZ_NN] 
2019-04-24 21:54:17.257[main]ERROR:BaseRefDataMgr 解析值失败 [RefRoomCost] field:[GameType] type:[GameType] value:[GDZJ_NN] 
2019-04-24 21:54:17.257[main]ERROR:BaseRefDataMgr 解析值失败 [RefRoomCost] field:[GameType] type:[GameType] value:[MPQZ_NN] 
2019-04-24 21:54:17.257[main]ERROR:BaseRefDataMgr 解析值失败 [RefRoomCost] field:[GameType] type:[GameType] value:[TBNN_NN] 
2019-04-24 21:54:17.257[main]ERROR:BaseRefDataMgr 解析值失败 [RefRoomCost] field:[GameType] type:[GameType] value:[LZ_NN] 
2019-04-24 21:54:17.257[main]ERROR:BaseRefDataMgr 解析值失败 [RefRoomCost] field:[GameType] type:[GameType] value:[JMHHMJ] 
2019-04-24 21:54:17.257[main]ERROR:BaseRefDataMgr 解析值失败 [RefRoomCost] field:[GameType] type:[GameType] value:[SSS_ZZ] 
2019-04-24 21:54:17.257[main]ERROR:BaseRefDataMgr 解析值失败 [RefRoomCost] field:[GameType] type:[GameType] value:[SSS_DR] 
2019-04-24 21:55:03.015[main]ERROR:BaseRefDataMgr 解析值失败 [RefRoomCost] field:[GameType] type:[GameType] value:[ZYQZ_NN] 
2019-04-24 21:55:03.015[main]ERROR:BaseRefDataMgr 解析值失败 [RefRoomCost] field:[GameType] type:[GameType] value:[NNSZ_NN] 
2019-04-24 21:55:03.015[main]ERROR:BaseRefDataMgr 解析值失败 [RefRoomCost] field:[GameType] type:[GameType] value:[GDZJ_NN] 
2019-04-24 21:55:03.015[main]ERROR:BaseRefDataMgr 解析值失败 [RefRoomCost] field:[GameType] type:[GameType] value:[MPQZ_NN] 
2019-04-24 21:55:03.015[main]ERROR:BaseRefDataMgr 解析值失败 [RefRoomCost] field:[GameType] type:[GameType] value:[TBNN_NN] 
2019-04-24 21:55:03.015[main]ERROR:BaseRefDataMgr 解析值失败 [RefRoomCost] field:[GameType] type:[GameType] value:[LZ_NN] 
2019-04-24 21:55:03.015[main]ERROR:BaseRefDataMgr 解析值失败 [RefRoomCost] field:[GameType] type:[GameType] value:[JMHHMJ] 
2019-04-24 21:55:03.015[main]ERROR:BaseRefDataMgr 解析值失败 [RefRoomCost] field:[GameType] type:[GameType] value:[SSS_ZZ] 
2019-04-24 21:55:03.015[main]ERROR:BaseRefDataMgr 解析值失败 [RefRoomCost] field:[GameType] type:[GameType] value:[SSS_DR] 
2019-04-24 21:55:04.109[main]ERROR:Service core.network.client2game.ClientAcceptor on ip 0.0.0.0, port 9999, faield!!!
{}
java.io.IOException: Error while binding on /0.0.0.0:9999
original message : Address already in use: bind
	at org.apache.mina.transport.socket.nio.NioSocketAcceptor.open(NioSocketAcceptor.java:238) ~[mina-core-2.0.9.jar:na]
	at org.apache.mina.transport.socket.nio.NioSocketAcceptor.open(NioSocketAcceptor.java:51) ~[mina-core-2.0.9.jar:na]
	at org.apache.mina.core.polling.AbstractPollingIoAcceptor.registerHandles(AbstractPollingIoAcceptor.java:583) ~[mina-core-2.0.9.jar:na]
	at org.apache.mina.core.polling.AbstractPollingIoAcceptor.access$400(AbstractPollingIoAcceptor.java:71) ~[mina-core-2.0.9.jar:na]
	at org.apache.mina.core.polling.AbstractPollingIoAcceptor$Acceptor.run(AbstractPollingIoAcceptor.java:457) ~[mina-core-2.0.9.jar:na]
	at org.apache.mina.util.NamePreservingRunnable.run(NamePreservingRunnable.java:64) ~[mina-core-2.0.9.jar:na]
	at java.util.concurrent.ThreadPoolExecutor.runWorker(ThreadPoolExecutor.java:1142) ~[na:1.8.0_131]
	at java.util.concurrent.ThreadPoolExecutor$Worker.run(ThreadPoolExecutor.java:617) ~[na:1.8.0_131]
	at java.lang.Thread.run(Thread.java:748) ~[na:1.8.0_131]
2019-04-24 21:58:55.978[main]ERROR:BaseRefDataMgr 解析值失败 [RefRoomCost] field:[GameType] type:[GameType] value:[ZYQZ_NN] 
2019-04-24 21:58:55.978[main]ERROR:BaseRefDataMgr 解析值失败 [RefRoomCost] field:[GameType] type:[GameType] value:[NNSZ_NN] 
2019-04-24 21:58:55.978[main]ERROR:BaseRefDataMgr 解析值失败 [RefRoomCost] field:[GameType] type:[GameType] value:[GDZJ_NN] 
2019-04-24 21:58:55.978[main]ERROR:BaseRefDataMgr 解析值失败 [RefRoomCost] field:[GameType] type:[GameType] value:[MPQZ_NN] 
2019-04-24 21:58:55.978[main]ERROR:BaseRefDataMgr 解析值失败 [RefRoomCost] field:[GameType] type:[GameType] value:[TBNN_NN] 
2019-04-24 21:58:55.978[main]ERROR:BaseRefDataMgr 解析值失败 [RefRoomCost] field:[GameType] type:[GameType] value:[LZ_NN] 
2019-04-24 21:58:55.993[main]ERROR:BaseRefDataMgr 解析值失败 [RefRoomCost] field:[GameType] type:[GameType] value:[JMHHMJ] 
2019-04-24 21:58:55.993[main]ERROR:BaseRefDataMgr 解析值失败 [RefRoomCost] field:[GameType] type:[GameType] value:[SSS_ZZ] 
2019-04-24 21:58:55.993[main]ERROR:BaseRefDataMgr 解析值失败 [RefRoomCost] field:[GameType] type:[GameType] value:[SSS_DR] 
2019-04-24 21:58:57.072[main]ERROR:Service core.network.client2game.ClientAcceptor on ip 0.0.0.0, port 9999, faield!!!
{}
java.io.IOException: Error while binding on /0.0.0.0:9999
original message : Address already in use: bind
	at org.apache.mina.transport.socket.nio.NioSocketAcceptor.open(NioSocketAcceptor.java:238) ~[mina-core-2.0.9.jar:na]
	at org.apache.mina.transport.socket.nio.NioSocketAcceptor.open(NioSocketAcceptor.java:51) ~[mina-core-2.0.9.jar:na]
	at org.apache.mina.core.polling.AbstractPollingIoAcceptor.registerHandles(AbstractPollingIoAcceptor.java:583) ~[mina-core-2.0.9.jar:na]
	at org.apache.mina.core.polling.AbstractPollingIoAcceptor.access$400(AbstractPollingIoAcceptor.java:71) ~[mina-core-2.0.9.jar:na]
	at org.apache.mina.core.polling.AbstractPollingIoAcceptor$Acceptor.run(AbstractPollingIoAcceptor.java:457) ~[mina-core-2.0.9.jar:na]
	at org.apache.mina.util.NamePreservingRunnable.run(NamePreservingRunnable.java:64) ~[mina-core-2.0.9.jar:na]
	at java.util.concurrent.ThreadPoolExecutor.runWorker(ThreadPoolExecutor.java:1142) ~[na:1.8.0_131]
	at java.util.concurrent.ThreadPoolExecutor$Worker.run(ThreadPoolExecutor.java:617) ~[na:1.8.0_131]
	at java.lang.Thread.run(Thread.java:748) ~[na:1.8.0_131]
2019-04-24 21:59:02.356[main]ERROR:BaseRefDataMgr 解析值失败 [RefRoomCost] field:[GameType] type:[GameType] value:[ZYQZ_NN] 
2019-04-24 21:59:02.356[main]ERROR:BaseRefDataMgr 解析值失败 [RefRoomCost] field:[GameType] type:[GameType] value:[NNSZ_NN] 
2019-04-24 21:59:02.356[main]ERROR:BaseRefDataMgr 解析值失败 [RefRoomCost] field:[GameType] type:[GameType] value:[GDZJ_NN] 
2019-04-24 21:59:02.356[main]ERROR:BaseRefDataMgr 解析值失败 [RefRoomCost] field:[GameType] type:[GameType] value:[MPQZ_NN] 
2019-04-24 21:59:02.356[main]ERROR:BaseRefDataMgr 解析值失败 [RefRoomCost] field:[GameType] type:[GameType] value:[TBNN_NN] 
2019-04-24 21:59:02.356[main]ERROR:BaseRefDataMgr 解析值失败 [RefRoomCost] field:[GameType] type:[GameType] value:[LZ_NN] 
2019-04-24 21:59:02.356[main]ERROR:BaseRefDataMgr 解析值失败 [RefRoomCost] field:[GameType] type:[GameType] value:[JMHHMJ] 
2019-04-24 21:59:02.356[main]ERROR:BaseRefDataMgr 解析值失败 [RefRoomCost] field:[GameType] type:[GameType] value:[SSS_ZZ] 
2019-04-24 21:59:02.356[main]ERROR:BaseRefDataMgr 解析值失败 [RefRoomCost] field:[GameType] type:[GameType] value:[SSS_DR] 
2019-04-24 21:59:26.459[main]ERROR:BaseRefDataMgr 解析值失败 [RefRoomCost] field:[GameType] type:[GameType] value:[ZYQZ_NN] 
2019-04-24 21:59:26.459[main]ERROR:BaseRefDataMgr 解析值失败 [RefRoomCost] field:[GameType] type:[GameType] value:[NNSZ_NN] 
2019-04-24 21:59:26.459[main]ERROR:BaseRefDataMgr 解析值失败 [RefRoomCost] field:[GameType] type:[GameType] value:[GDZJ_NN] 
2019-04-24 21:59:26.459[main]ERROR:BaseRefDataMgr 解析值失败 [RefRoomCost] field:[GameType] type:[GameType] value:[MPQZ_NN] 
2019-04-24 21:59:26.459[main]ERROR:BaseRefDataMgr 解析值失败 [RefRoomCost] field:[GameType] type:[GameType] value:[TBNN_NN] 
2019-04-24 21:59:26.459[main]ERROR:BaseRefDataMgr 解析值失败 [RefRoomCost] field:[GameType] type:[GameType] value:[LZ_NN] 
2019-04-24 21:59:26.459[main]ERROR:BaseRefDataMgr 解析值失败 [RefRoomCost] field:[GameType] type:[GameType] value:[JMHHMJ] 
2019-04-24 21:59:26.459[main]ERROR:BaseRefDataMgr 解析值失败 [RefRoomCost] field:[GameType] type:[GameType] value:[SSS_ZZ] 
2019-04-24 21:59:26.459[main]ERROR:BaseRefDataMgr 解析值失败 [RefRoomCost] field:[GameType] type:[GameType] value:[SSS_DR] 
2019-04-24 21:59:27.441[main]ERROR:Service core.network.client2game.ClientAcceptor on ip 0.0.0.0, port 9999, faield!!!
{}
java.io.IOException: Error while binding on /0.0.0.0:9999
original message : Address already in use: bind
	at org.apache.mina.transport.socket.nio.NioSocketAcceptor.open(NioSocketAcceptor.java:238) ~[mina-core-2.0.9.jar:na]
	at org.apache.mina.transport.socket.nio.NioSocketAcceptor.open(NioSocketAcceptor.java:51) ~[mina-core-2.0.9.jar:na]
	at org.apache.mina.core.polling.AbstractPollingIoAcceptor.registerHandles(AbstractPollingIoAcceptor.java:583) ~[mina-core-2.0.9.jar:na]
	at org.apache.mina.core.polling.AbstractPollingIoAcceptor.access$400(AbstractPollingIoAcceptor.java:71) ~[mina-core-2.0.9.jar:na]
	at org.apache.mina.core.polling.AbstractPollingIoAcceptor$Acceptor.run(AbstractPollingIoAcceptor.java:457) ~[mina-core-2.0.9.jar:na]
	at org.apache.mina.util.NamePreservingRunnable.run(NamePreservingRunnable.java:64) ~[mina-core-2.0.9.jar:na]
	at java.util.concurrent.ThreadPoolExecutor.runWorker(ThreadPoolExecutor.java:1142) ~[na:1.8.0_131]
	at java.util.concurrent.ThreadPoolExecutor$Worker.run(ThreadPoolExecutor.java:617) ~[na:1.8.0_131]
	at java.lang.Thread.run(Thread.java:748) ~[na:1.8.0_131]
2019-04-24 21:59:31.031[main]ERROR:BaseRefDataMgr 解析值失败 [RefRoomCost] field:[GameType] type:[GameType] value:[ZYQZ_NN] 
2019-04-24 21:59:31.031[main]ERROR:BaseRefDataMgr 解析值失败 [RefRoomCost] field:[GameType] type:[GameType] value:[NNSZ_NN] 
2019-04-24 21:59:31.031[main]ERROR:BaseRefDataMgr 解析值失败 [RefRoomCost] field:[GameType] type:[GameType] value:[GDZJ_NN] 
2019-04-24 21:59:31.031[main]ERROR:BaseRefDataMgr 解析值失败 [RefRoomCost] field:[GameType] type:[GameType] value:[MPQZ_NN] 
2019-04-24 21:59:31.031[main]ERROR:BaseRefDataMgr 解析值失败 [RefRoomCost] field:[GameType] type:[GameType] value:[TBNN_NN] 
2019-04-24 21:59:31.031[main]ERROR:BaseRefDataMgr 解析值失败 [RefRoomCost] field:[GameType] type:[GameType] value:[LZ_NN] 
2019-04-24 21:59:31.031[main]ERROR:BaseRefDataMgr 解析值失败 [RefRoomCost] field:[GameType] type:[GameType] value:[JMHHMJ] 
2019-04-24 21:59:31.031[main]ERROR:BaseRefDataMgr 解析值失败 [RefRoomCost] field:[GameType] type:[GameType] value:[SSS_ZZ] 
2019-04-24 21:59:31.031[main]ERROR:BaseRefDataMgr 解析值失败 [RefRoomCost] field:[GameType] type:[GameType] value:[SSS_DR] 
2019-04-24 22:01:20.826[main]ERROR:BaseRefDataMgr 解析值失败 [RefRoomCost] field:[GameType] type:[GameType] value:[ZYQZ_NN] 
2019-04-24 22:01:20.842[main]ERROR:BaseRefDataMgr 解析值失败 [RefRoomCost] field:[GameType] type:[GameType] value:[NNSZ_NN] 
2019-04-24 22:01:20.842[main]ERROR:BaseRefDataMgr 解析值失败 [RefRoomCost] field:[GameType] type:[GameType] value:[GDZJ_NN] 
2019-04-24 22:01:20.842[main]ERROR:BaseRefDataMgr 解析值失败 [RefRoomCost] field:[GameType] type:[GameType] value:[MPQZ_NN] 
2019-04-24 22:01:20.842[main]ERROR:BaseRefDataMgr 解析值失败 [RefRoomCost] field:[GameType] type:[GameType] value:[TBNN_NN] 
2019-04-24 22:01:20.842[main]ERROR:BaseRefDataMgr 解析值失败 [RefRoomCost] field:[GameType] type:[GameType] value:[LZ_NN] 
2019-04-24 22:01:20.842[main]ERROR:BaseRefDataMgr 解析值失败 [RefRoomCost] field:[GameType] type:[GameType] value:[JMHHMJ] 
2019-04-24 22:01:20.842[main]ERROR:BaseRefDataMgr 解析值失败 [RefRoomCost] field:[GameType] type:[GameType] value:[SSS_ZZ] 
2019-04-24 22:01:20.842[main]ERROR:BaseRefDataMgr 解析值失败 [RefRoomCost] field:[GameType] type:[GameType] value:[SSS_DR] 
2019-04-24 22:01:21.930[main]ERROR:Service core.network.client2game.ClientAcceptor on ip 0.0.0.0, port 9999, faield!!!
{}
java.io.IOException: Error while binding on /0.0.0.0:9999
original message : Address already in use: bind
	at org.apache.mina.transport.socket.nio.NioSocketAcceptor.open(NioSocketAcceptor.java:238) ~[mina-core-2.0.9.jar:na]
	at org.apache.mina.transport.socket.nio.NioSocketAcceptor.open(NioSocketAcceptor.java:51) ~[mina-core-2.0.9.jar:na]
	at org.apache.mina.core.polling.AbstractPollingIoAcceptor.registerHandles(AbstractPollingIoAcceptor.java:583) ~[mina-core-2.0.9.jar:na]
	at org.apache.mina.core.polling.AbstractPollingIoAcceptor.access$400(AbstractPollingIoAcceptor.java:71) ~[mina-core-2.0.9.jar:na]
	at org.apache.mina.core.polling.AbstractPollingIoAcceptor$Acceptor.run(AbstractPollingIoAcceptor.java:457) ~[mina-core-2.0.9.jar:na]
	at org.apache.mina.util.NamePreservingRunnable.run(NamePreservingRunnable.java:64) ~[mina-core-2.0.9.jar:na]
	at java.util.concurrent.ThreadPoolExecutor.runWorker(ThreadPoolExecutor.java:1142) ~[na:1.8.0_131]
	at java.util.concurrent.ThreadPoolExecutor$Worker.run(ThreadPoolExecutor.java:617) ~[na:1.8.0_131]
	at java.lang.Thread.run(Thread.java:748) ~[na:1.8.0_131]
2019-04-24 22:02:10.684[main]ERROR:BaseRefDataMgr 解析值失败 [RefRoomCost] field:[GameType] type:[GameType] value:[ZYQZ_NN] 
2019-04-24 22:02:10.684[main]ERROR:BaseRefDataMgr 解析值失败 [RefRoomCost] field:[GameType] type:[GameType] value:[NNSZ_NN] 
2019-04-24 22:02:10.684[main]ERROR:BaseRefDataMgr 解析值失败 [RefRoomCost] field:[GameType] type:[GameType] value:[GDZJ_NN] 
2019-04-24 22:02:10.684[main]ERROR:BaseRefDataMgr 解析值失败 [RefRoomCost] field:[GameType] type:[GameType] value:[MPQZ_NN] 
2019-04-24 22:02:10.684[main]ERROR:BaseRefDataMgr 解析值失败 [RefRoomCost] field:[GameType] type:[GameType] value:[TBNN_NN] 
2019-04-24 22:02:10.684[main]ERROR:BaseRefDataMgr 解析值失败 [RefRoomCost] field:[GameType] type:[GameType] value:[LZ_NN] 
2019-04-24 22:02:10.684[main]ERROR:BaseRefDataMgr 解析值失败 [RefRoomCost] field:[GameType] type:[GameType] value:[JMHHMJ] 
2019-04-24 22:02:10.684[main]ERROR:BaseRefDataMgr 解析值失败 [RefRoomCost] field:[GameType] type:[GameType] value:[SSS_ZZ] 
2019-04-24 22:02:10.684[main]ERROR:BaseRefDataMgr 解析值失败 [RefRoomCost] field:[GameType] type:[GameType] value:[SSS_DR] 
2019-04-24 22:02:11.644[main]ERROR:Service core.network.client2game.ClientAcceptor on ip 0.0.0.0, port 9999, faield!!!
{}
java.io.IOException: Error while binding on /0.0.0.0:9999
original message : Address already in use: bind
	at org.apache.mina.transport.socket.nio.NioSocketAcceptor.open(NioSocketAcceptor.java:238) ~[mina-core-2.0.9.jar:na]
	at org.apache.mina.transport.socket.nio.NioSocketAcceptor.open(NioSocketAcceptor.java:51) ~[mina-core-2.0.9.jar:na]
	at org.apache.mina.core.polling.AbstractPollingIoAcceptor.registerHandles(AbstractPollingIoAcceptor.java:583) ~[mina-core-2.0.9.jar:na]
	at org.apache.mina.core.polling.AbstractPollingIoAcceptor.access$400(AbstractPollingIoAcceptor.java:71) ~[mina-core-2.0.9.jar:na]
	at org.apache.mina.core.polling.AbstractPollingIoAcceptor$Acceptor.run(AbstractPollingIoAcceptor.java:457) ~[mina-core-2.0.9.jar:na]
	at org.apache.mina.util.NamePreservingRunnable.run(NamePreservingRunnable.java:64) ~[mina-core-2.0.9.jar:na]
	at java.util.concurrent.ThreadPoolExecutor.runWorker(ThreadPoolExecutor.java:1142) ~[na:1.8.0_131]
	at java.util.concurrent.ThreadPoolExecutor$Worker.run(ThreadPoolExecutor.java:617) ~[na:1.8.0_131]
	at java.lang.Thread.run(Thread.java:748) ~[na:1.8.0_131]
2019-04-24 22:02:16.957[main]ERROR:BaseRefDataMgr 解析值失败 [RefRoomCost] field:[GameType] type:[GameType] value:[ZYQZ_NN] 
2019-04-24 22:02:16.957[main]ERROR:BaseRefDataMgr 解析值失败 [RefRoomCost] field:[GameType] type:[GameType] value:[NNSZ_NN] 
2019-04-24 22:02:16.957[main]ERROR:BaseRefDataMgr 解析值失败 [RefRoomCost] field:[GameType] type:[GameType] value:[GDZJ_NN] 
2019-04-24 22:02:16.957[main]ERROR:BaseRefDataMgr 解析值失败 [RefRoomCost] field:[GameType] type:[GameType] value:[MPQZ_NN] 
2019-04-24 22:02:16.957[main]ERROR:BaseRefDataMgr 解析值失败 [RefRoomCost] field:[GameType] type:[GameType] value:[TBNN_NN] 
2019-04-24 22:02:16.957[main]ERROR:BaseRefDataMgr 解析值失败 [RefRoomCost] field:[GameType] type:[GameType] value:[LZ_NN] 
2019-04-24 22:02:16.957[main]ERROR:BaseRefDataMgr 解析值失败 [RefRoomCost] field:[GameType] type:[GameType] value:[JMHHMJ] 
2019-04-24 22:02:16.957[main]ERROR:BaseRefDataMgr 解析值失败 [RefRoomCost] field:[GameType] type:[GameType] value:[SSS_ZZ] 
2019-04-24 22:02:16.957[main]ERROR:BaseRefDataMgr 解析值失败 [RefRoomCost] field:[GameType] type:[GameType] value:[SSS_DR] 
2019-04-24 22:02:41.259[main]ERROR:BaseRefDataMgr 解析值失败 [RefRoomCost] field:[GameType] type:[GameType] value:[ZYQZ_NN] 
2019-04-24 22:02:41.259[main]ERROR:BaseRefDataMgr 解析值失败 [RefRoomCost] field:[GameType] type:[GameType] value:[NNSZ_NN] 
2019-04-24 22:02:41.259[main]ERROR:BaseRefDataMgr 解析值失败 [RefRoomCost] field:[GameType] type:[GameType] value:[GDZJ_NN] 
2019-04-24 22:02:41.259[main]ERROR:BaseRefDataMgr 解析值失败 [RefRoomCost] field:[GameType] type:[GameType] value:[MPQZ_NN] 
2019-04-24 22:02:41.259[main]ERROR:BaseRefDataMgr 解析值失败 [RefRoomCost] field:[GameType] type:[GameType] value:[TBNN_NN] 
2019-04-24 22:02:41.259[main]ERROR:BaseRefDataMgr 解析值失败 [RefRoomCost] field:[GameType] type:[GameType] value:[LZ_NN] 
2019-04-24 22:02:41.259[main]ERROR:BaseRefDataMgr 解析值失败 [RefRoomCost] field:[GameType] type:[GameType] value:[JMHHMJ] 
2019-04-24 22:02:41.259[main]ERROR:BaseRefDataMgr 解析值失败 [RefRoomCost] field:[GameType] type:[GameType] value:[SSS_ZZ] 
2019-04-24 22:02:41.259[main]ERROR:BaseRefDataMgr 解析值失败 [RefRoomCost] field:[GameType] type:[GameType] value:[SSS_DR] 
2019-04-24 22:02:42.280[main]ERROR:Service core.network.client2game.ClientAcceptor on ip 0.0.0.0, port 9999, faield!!!
{}
java.io.IOException: Error while binding on /0.0.0.0:9999
original message : Address already in use: bind
	at org.apache.mina.transport.socket.nio.NioSocketAcceptor.open(NioSocketAcceptor.java:238) ~[mina-core-2.0.9.jar:na]
	at org.apache.mina.transport.socket.nio.NioSocketAcceptor.open(NioSocketAcceptor.java:51) ~[mina-core-2.0.9.jar:na]
	at org.apache.mina.core.polling.AbstractPollingIoAcceptor.registerHandles(AbstractPollingIoAcceptor.java:583) ~[mina-core-2.0.9.jar:na]
	at org.apache.mina.core.polling.AbstractPollingIoAcceptor.access$400(AbstractPollingIoAcceptor.java:71) ~[mina-core-2.0.9.jar:na]
	at org.apache.mina.core.polling.AbstractPollingIoAcceptor$Acceptor.run(AbstractPollingIoAcceptor.java:457) ~[mina-core-2.0.9.jar:na]
	at org.apache.mina.util.NamePreservingRunnable.run(NamePreservingRunnable.java:64) ~[mina-core-2.0.9.jar:na]
	at java.util.concurrent.ThreadPoolExecutor.runWorker(ThreadPoolExecutor.java:1142) ~[na:1.8.0_131]
	at java.util.concurrent.ThreadPoolExecutor$Worker.run(ThreadPoolExecutor.java:617) ~[na:1.8.0_131]
	at java.lang.Thread.run(Thread.java:748) ~[na:1.8.0_131]
2019-04-24 22:03:14.634[main]ERROR:BaseRefDataMgr 解析值失败 [RefRoomCost] field:[GameType] type:[GameType] value:[ZYQZ_NN] 
2019-04-24 22:03:14.634[main]ERROR:BaseRefDataMgr 解析值失败 [RefRoomCost] field:[GameType] type:[GameType] value:[NNSZ_NN] 
2019-04-24 22:03:14.634[main]ERROR:BaseRefDataMgr 解析值失败 [RefRoomCost] field:[GameType] type:[GameType] value:[GDZJ_NN] 
2019-04-24 22:03:14.634[main]ERROR:BaseRefDataMgr 解析值失败 [RefRoomCost] field:[GameType] type:[GameType] value:[MPQZ_NN] 
2019-04-24 22:03:14.634[main]ERROR:BaseRefDataMgr 解析值失败 [RefRoomCost] field:[GameType] type:[GameType] value:[TBNN_NN] 
2019-04-24 22:03:14.634[main]ERROR:BaseRefDataMgr 解析值失败 [RefRoomCost] field:[GameType] type:[GameType] value:[LZ_NN] 
2019-04-24 22:03:14.634[main]ERROR:BaseRefDataMgr 解析值失败 [RefRoomCost] field:[GameType] type:[GameType] value:[JMHHMJ] 
2019-04-24 22:03:14.634[main]ERROR:BaseRefDataMgr 解析值失败 [RefRoomCost] field:[GameType] type:[GameType] value:[SSS_ZZ] 
2019-04-24 22:03:14.634[main]ERROR:BaseRefDataMgr 解析值失败 [RefRoomCost] field:[GameType] type:[GameType] value:[SSS_DR] 
2019-04-24 22:03:15.605[main]ERROR:Service core.network.client2game.ClientAcceptor on ip 0.0.0.0, port 9999, faield!!!
{}
java.io.IOException: Error while binding on /0.0.0.0:9999
original message : Address already in use: bind
	at org.apache.mina.transport.socket.nio.NioSocketAcceptor.open(NioSocketAcceptor.java:238) ~[mina-core-2.0.9.jar:na]
	at org.apache.mina.transport.socket.nio.NioSocketAcceptor.open(NioSocketAcceptor.java:51) ~[mina-core-2.0.9.jar:na]
	at org.apache.mina.core.polling.AbstractPollingIoAcceptor.registerHandles(AbstractPollingIoAcceptor.java:583) ~[mina-core-2.0.9.jar:na]
	at org.apache.mina.core.polling.AbstractPollingIoAcceptor.access$400(AbstractPollingIoAcceptor.java:71) ~[mina-core-2.0.9.jar:na]
	at org.apache.mina.core.polling.AbstractPollingIoAcceptor$Acceptor.run(AbstractPollingIoAcceptor.java:457) ~[mina-core-2.0.9.jar:na]
	at org.apache.mina.util.NamePreservingRunnable.run(NamePreservingRunnable.java:64) ~[mina-core-2.0.9.jar:na]
	at java.util.concurrent.ThreadPoolExecutor.runWorker(ThreadPoolExecutor.java:1142) ~[na:1.8.0_131]
	at java.util.concurrent.ThreadPoolExecutor$Worker.run(ThreadPoolExecutor.java:617) ~[na:1.8.0_131]
	at java.lang.Thread.run(Thread.java:748) ~[na:1.8.0_131]
2019-04-24 22:03:20.229[main]ERROR:BaseRefDataMgr 解析值失败 [RefRoomCost] field:[GameType] type:[GameType] value:[ZYQZ_NN] 
2019-04-24 22:03:20.229[main]ERROR:BaseRefDataMgr 解析值失败 [RefRoomCost] field:[GameType] type:[GameType] value:[NNSZ_NN] 
2019-04-24 22:03:20.229[main]ERROR:BaseRefDataMgr 解析值失败 [RefRoomCost] field:[GameType] type:[GameType] value:[GDZJ_NN] 
2019-04-24 22:03:20.229[main]ERROR:BaseRefDataMgr 解析值失败 [RefRoomCost] field:[GameType] type:[GameType] value:[MPQZ_NN] 
2019-04-24 22:03:20.229[main]ERROR:BaseRefDataMgr 解析值失败 [RefRoomCost] field:[GameType] type:[GameType] value:[TBNN_NN] 
2019-04-24 22:03:20.229[main]ERROR:BaseRefDataMgr 解析值失败 [RefRoomCost] field:[GameType] type:[GameType] value:[LZ_NN] 
2019-04-24 22:03:20.229[main]ERROR:BaseRefDataMgr 解析值失败 [RefRoomCost] field:[GameType] type:[GameType] value:[JMHHMJ] 
2019-04-24 22:03:20.229[main]ERROR:BaseRefDataMgr 解析值失败 [RefRoomCost] field:[GameType] type:[GameType] value:[SSS_ZZ] 
2019-04-24 22:03:20.229[main]ERROR:BaseRefDataMgr 解析值失败 [RefRoomCost] field:[GameType] type:[GameType] value:[SSS_DR] 
2019-04-24 22:04:38.992[main]ERROR:BaseRefDataMgr 解析值失败 [RefRoomCost] field:[GameType] type:[GameType] value:[ZYQZ_NN] 
2019-04-24 22:04:38.994[main]ERROR:BaseRefDataMgr 解析值失败 [RefRoomCost] field:[GameType] type:[GameType] value:[NNSZ_NN] 
2019-04-24 22:04:38.995[main]ERROR:BaseRefDataMgr 解析值失败 [RefRoomCost] field:[GameType] type:[GameType] value:[GDZJ_NN] 
2019-04-24 22:04:39.000[main]ERROR:BaseRefDataMgr 解析值失败 [RefRoomCost] field:[GameType] type:[GameType] value:[MPQZ_NN] 
2019-04-24 22:04:39.001[main]ERROR:BaseRefDataMgr 解析值失败 [RefRoomCost] field:[GameType] type:[GameType] value:[TBNN_NN] 
2019-04-24 22:04:39.003[main]ERROR:BaseRefDataMgr 解析值失败 [RefRoomCost] field:[GameType] type:[GameType] value:[LZ_NN] 
2019-04-24 22:04:39.004[main]ERROR:BaseRefDataMgr 解析值失败 [RefRoomCost] field:[GameType] type:[GameType] value:[JMHHMJ] 
2019-04-24 22:04:39.006[main]ERROR:BaseRefDataMgr 解析值失败 [RefRoomCost] field:[GameType] type:[GameType] value:[SSS_ZZ] 
2019-04-24 22:04:39.007[main]ERROR:BaseRefDataMgr 解析值失败 [RefRoomCost] field:[GameType] type:[GameType] value:[SSS_DR] 
2019-04-24 22:04:40.185[main]ERROR:Service core.network.client2game.ClientAcceptor on ip 0.0.0.0, port 9999, faield!!!
{}
java.io.IOException: Error while binding on /0.0.0.0:9999
original message : Address already in use: bind
	at org.apache.mina.transport.socket.nio.NioSocketAcceptor.open(NioSocketAcceptor.java:238) ~[mina-core-2.0.9.jar:na]
	at org.apache.mina.transport.socket.nio.NioSocketAcceptor.open(NioSocketAcceptor.java:51) ~[mina-core-2.0.9.jar:na]
	at org.apache.mina.core.polling.AbstractPollingIoAcceptor.registerHandles(AbstractPollingIoAcceptor.java:583) ~[mina-core-2.0.9.jar:na]
	at org.apache.mina.core.polling.AbstractPollingIoAcceptor.access$400(AbstractPollingIoAcceptor.java:71) ~[mina-core-2.0.9.jar:na]
	at org.apache.mina.core.polling.AbstractPollingIoAcceptor$Acceptor.run(AbstractPollingIoAcceptor.java:457) ~[mina-core-2.0.9.jar:na]
	at org.apache.mina.util.NamePreservingRunnable.run(NamePreservingRunnable.java:64) ~[mina-core-2.0.9.jar:na]
	at java.util.concurrent.ThreadPoolExecutor.runWorker(ThreadPoolExecutor.java:1142) ~[na:1.8.0_131]
	at java.util.concurrent.ThreadPoolExecutor$Worker.run(ThreadPoolExecutor.java:617) ~[na:1.8.0_131]
	at java.lang.Thread.run(Thread.java:748) ~[na:1.8.0_131]
2019-04-24 22:04:46.697[main]ERROR:BaseRefDataMgr 解析值失败 [RefRoomCost] field:[GameType] type:[GameType] value:[ZYQZ_NN] 
2019-04-24 22:04:46.697[main]ERROR:BaseRefDataMgr 解析值失败 [RefRoomCost] field:[GameType] type:[GameType] value:[NNSZ_NN] 
2019-04-24 22:04:46.713[main]ERROR:BaseRefDataMgr 解析值失败 [RefRoomCost] field:[GameType] type:[GameType] value:[GDZJ_NN] 
2019-04-24 22:04:46.713[main]ERROR:BaseRefDataMgr 解析值失败 [RefRoomCost] field:[GameType] type:[GameType] value:[MPQZ_NN] 
2019-04-24 22:04:46.713[main]ERROR:BaseRefDataMgr 解析值失败 [RefRoomCost] field:[GameType] type:[GameType] value:[TBNN_NN] 
2019-04-24 22:04:46.713[main]ERROR:BaseRefDataMgr 解析值失败 [RefRoomCost] field:[GameType] type:[GameType] value:[LZ_NN] 
2019-04-24 22:04:46.713[main]ERROR:BaseRefDataMgr 解析值失败 [RefRoomCost] field:[GameType] type:[GameType] value:[JMHHMJ] 
2019-04-24 22:04:46.713[main]ERROR:BaseRefDataMgr 解析值失败 [RefRoomCost] field:[GameType] type:[GameType] value:[SSS_ZZ] 
2019-04-24 22:04:46.713[main]ERROR:BaseRefDataMgr 解析值失败 [RefRoomCost] field:[GameType] type:[GameType] value:[SSS_DR] 
2019-04-24 22:05:37.964[main]ERROR:BaseRefDataMgr 解析值失败 [RefRoomCost] field:[GameType] type:[GameType] value:[ZYQZ_NN] 
2019-04-24 22:05:37.964[main]ERROR:BaseRefDataMgr 解析值失败 [RefRoomCost] field:[GameType] type:[GameType] value:[NNSZ_NN] 
2019-04-24 22:05:37.964[main]ERROR:BaseRefDataMgr 解析值失败 [RefRoomCost] field:[GameType] type:[GameType] value:[GDZJ_NN] 
2019-04-24 22:05:37.964[main]ERROR:BaseRefDataMgr 解析值失败 [RefRoomCost] field:[GameType] type:[GameType] value:[MPQZ_NN] 
2019-04-24 22:05:37.964[main]ERROR:BaseRefDataMgr 解析值失败 [RefRoomCost] field:[GameType] type:[GameType] value:[TBNN_NN] 
2019-04-24 22:05:37.964[main]ERROR:BaseRefDataMgr 解析值失败 [RefRoomCost] field:[GameType] type:[GameType] value:[LZ_NN] 
2019-04-24 22:05:37.964[main]ERROR:BaseRefDataMgr 解析值失败 [RefRoomCost] field:[GameType] type:[GameType] value:[JMHHMJ] 
2019-04-24 22:05:37.964[main]ERROR:BaseRefDataMgr 解析值失败 [RefRoomCost] field:[GameType] type:[GameType] value:[SSS_ZZ] 
2019-04-24 22:05:37.964[main]ERROR:BaseRefDataMgr 解析值失败 [RefRoomCost] field:[GameType] type:[GameType] value:[SSS_DR] 
2019-04-24 22:06:17.966[main]ERROR:BaseRefDataMgr 解析值失败 [RefRoomCost] field:[GameType] type:[GameType] value:[ZYQZ_NN] 
2019-04-24 22:06:17.966[main]ERROR:BaseRefDataMgr 解析值失败 [RefRoomCost] field:[GameType] type:[GameType] value:[NNSZ_NN] 
2019-04-24 22:06:17.966[main]ERROR:BaseRefDataMgr 解析值失败 [RefRoomCost] field:[GameType] type:[GameType] value:[GDZJ_NN] 
2019-04-24 22:06:17.966[main]ERROR:BaseRefDataMgr 解析值失败 [RefRoomCost] field:[GameType] type:[GameType] value:[MPQZ_NN] 
2019-04-24 22:06:17.966[main]ERROR:BaseRefDataMgr 解析值失败 [RefRoomCost] field:[GameType] type:[GameType] value:[TBNN_NN] 
2019-04-24 22:06:17.982[main]ERROR:BaseRefDataMgr 解析值失败 [RefRoomCost] field:[GameType] type:[GameType] value:[LZ_NN] 
2019-04-24 22:06:17.982[main]ERROR:BaseRefDataMgr 解析值失败 [RefRoomCost] field:[GameType] type:[GameType] value:[JMHHMJ] 
2019-04-24 22:06:17.982[main]ERROR:BaseRefDataMgr 解析值失败 [RefRoomCost] field:[GameType] type:[GameType] value:[SSS_ZZ] 
2019-04-24 22:06:17.982[main]ERROR:BaseRefDataMgr 解析值失败 [RefRoomCost] field:[GameType] type:[GameType] value:[SSS_DR] 
2019-04-24 22:09:18.062[main]ERROR:BaseRefDataMgr 解析值失败 [RefRoomCost] field:[GameType] type:[GameType] value:[ZYQZ_NN] 
2019-04-24 22:09:18.062[main]ERROR:BaseRefDataMgr 解析值失败 [RefRoomCost] field:[GameType] type:[GameType] value:[NNSZ_NN] 
2019-04-24 22:09:18.062[main]ERROR:BaseRefDataMgr 解析值失败 [RefRoomCost] field:[GameType] type:[GameType] value:[GDZJ_NN] 
2019-04-24 22:09:18.062[main]ERROR:BaseRefDataMgr 解析值失败 [RefRoomCost] field:[GameType] type:[GameType] value:[MPQZ_NN] 
2019-04-24 22:09:18.062[main]ERROR:BaseRefDataMgr 解析值失败 [RefRoomCost] field:[GameType] type:[GameType] value:[TBNN_NN] 
2019-04-24 22:09:18.077[main]ERROR:BaseRefDataMgr 解析值失败 [RefRoomCost] field:[GameType] type:[GameType] value:[LZ_NN] 
2019-04-24 22:09:18.077[main]ERROR:BaseRefDataMgr 解析值失败 [RefRoomCost] field:[GameType] type:[GameType] value:[JMHHMJ] 
2019-04-24 22:09:18.077[main]ERROR:BaseRefDataMgr 解析值失败 [RefRoomCost] field:[GameType] type:[GameType] value:[SSS_ZZ] 
2019-04-24 22:09:18.077[main]ERROR:BaseRefDataMgr 解析值失败 [RefRoomCost] field:[GameType] type:[GameType] value:[SSS_DR] 
2019-04-24 22:09:19.208[main]ERROR:Service core.network.client2game.ClientAcceptor on ip 0.0.0.0, port 9999, faield!!!
{}
java.io.IOException: Error while binding on /0.0.0.0:9999
original message : Address already in use: bind
	at org.apache.mina.transport.socket.nio.NioSocketAcceptor.open(NioSocketAcceptor.java:238) ~[mina-core-2.0.9.jar:na]
	at org.apache.mina.transport.socket.nio.NioSocketAcceptor.open(NioSocketAcceptor.java:51) ~[mina-core-2.0.9.jar:na]
	at org.apache.mina.core.polling.AbstractPollingIoAcceptor.registerHandles(AbstractPollingIoAcceptor.java:583) ~[mina-core-2.0.9.jar:na]
	at org.apache.mina.core.polling.AbstractPollingIoAcceptor.access$400(AbstractPollingIoAcceptor.java:71) ~[mina-core-2.0.9.jar:na]
	at org.apache.mina.core.polling.AbstractPollingIoAcceptor$Acceptor.run(AbstractPollingIoAcceptor.java:457) ~[mina-core-2.0.9.jar:na]
	at org.apache.mina.util.NamePreservingRunnable.run(NamePreservingRunnable.java:64) ~[mina-core-2.0.9.jar:na]
	at java.util.concurrent.ThreadPoolExecutor.runWorker(ThreadPoolExecutor.java:1142) ~[na:1.8.0_131]
	at java.util.concurrent.ThreadPoolExecutor$Worker.run(ThreadPoolExecutor.java:617) ~[na:1.8.0_131]
	at java.lang.Thread.run(Thread.java:748) ~[na:1.8.0_131]
2019-04-24 22:17:15.394[main]ERROR:BaseRefDataMgr 解析值失败 [RefRoomCost] field:[GameType] type:[GameType] value:[ZYQZ_NN] 
2019-04-24 22:17:15.394[main]ERROR:BaseRefDataMgr 解析值失败 [RefRoomCost] field:[GameType] type:[GameType] value:[NNSZ_NN] 
2019-04-24 22:17:15.394[main]ERROR:BaseRefDataMgr 解析值失败 [RefRoomCost] field:[GameType] type:[GameType] value:[GDZJ_NN] 
2019-04-24 22:17:15.394[main]ERROR:BaseRefDataMgr 解析值失败 [RefRoomCost] field:[GameType] type:[GameType] value:[MPQZ_NN] 
2019-04-24 22:17:15.394[main]ERROR:BaseRefDataMgr 解析值失败 [RefRoomCost] field:[GameType] type:[GameType] value:[TBNN_NN] 
2019-04-24 22:17:15.394[main]ERROR:BaseRefDataMgr 解析值失败 [RefRoomCost] field:[GameType] type:[GameType] value:[LZ_NN] 
2019-04-24 22:17:15.394[main]ERROR:BaseRefDataMgr 解析值失败 [RefRoomCost] field:[GameType] type:[GameType] value:[JMHHMJ] 
2019-04-24 22:17:15.394[main]ERROR:BaseRefDataMgr 解析值失败 [RefRoomCost] field:[GameType] type:[GameType] value:[SSS_ZZ] 
2019-04-24 22:17:15.410[main]ERROR:BaseRefDataMgr 解析值失败 [RefRoomCost] field:[GameType] type:[GameType] value:[SSS_DR] 
2019-04-24 22:17:16.632[main]ERROR:Service core.network.client2game.ClientAcceptor on ip 0.0.0.0, port 9999, faield!!!
{}
java.io.IOException: Error while binding on /0.0.0.0:9999
original message : Address already in use: bind
	at org.apache.mina.transport.socket.nio.NioSocketAcceptor.open(NioSocketAcceptor.java:238) ~[mina-core-2.0.9.jar:na]
	at org.apache.mina.transport.socket.nio.NioSocketAcceptor.open(NioSocketAcceptor.java:51) ~[mina-core-2.0.9.jar:na]
	at org.apache.mina.core.polling.AbstractPollingIoAcceptor.registerHandles(AbstractPollingIoAcceptor.java:583) ~[mina-core-2.0.9.jar:na]
	at org.apache.mina.core.polling.AbstractPollingIoAcceptor.access$400(AbstractPollingIoAcceptor.java:71) ~[mina-core-2.0.9.jar:na]
	at org.apache.mina.core.polling.AbstractPollingIoAcceptor$Acceptor.run(AbstractPollingIoAcceptor.java:457) ~[mina-core-2.0.9.jar:na]
	at org.apache.mina.util.NamePreservingRunnable.run(NamePreservingRunnable.java:64) ~[mina-core-2.0.9.jar:na]
	at java.util.concurrent.ThreadPoolExecutor.runWorker(ThreadPoolExecutor.java:1142) ~[na:1.8.0_131]
	at java.util.concurrent.ThreadPoolExecutor$Worker.run(ThreadPoolExecutor.java:617) ~[na:1.8.0_131]
	at java.lang.Thread.run(Thread.java:748) ~[na:1.8.0_131]
2019-04-24 22:17:22.418[main]ERROR:BaseRefDataMgr 解析值失败 [RefRoomCost] field:[GameType] type:[GameType] value:[ZYQZ_NN] 
2019-04-24 22:17:22.427[main]ERROR:BaseRefDataMgr 解析值失败 [RefRoomCost] field:[GameType] type:[GameType] value:[NNSZ_NN] 
2019-04-24 22:17:22.427[main]ERROR:BaseRefDataMgr 解析值失败 [RefRoomCost] field:[GameType] type:[GameType] value:[GDZJ_NN] 
2019-04-24 22:17:22.427[main]ERROR:BaseRefDataMgr 解析值失败 [RefRoomCost] field:[GameType] type:[GameType] value:[MPQZ_NN] 
2019-04-24 22:17:22.427[main]ERROR:BaseRefDataMgr 解析值失败 [RefRoomCost] field:[GameType] type:[GameType] value:[TBNN_NN] 
2019-04-24 22:17:22.427[main]ERROR:BaseRefDataMgr 解析值失败 [RefRoomCost] field:[GameType] type:[GameType] value:[LZ_NN] 
2019-04-24 22:17:22.427[main]ERROR:BaseRefDataMgr 解析值失败 [RefRoomCost] field:[GameType] type:[GameType] value:[JMHHMJ] 
2019-04-24 22:17:22.427[main]ERROR:BaseRefDataMgr 解析值失败 [RefRoomCost] field:[GameType] type:[GameType] value:[SSS_ZZ] 
2019-04-24 22:17:22.427[main]ERROR:BaseRefDataMgr 解析值失败 [RefRoomCost] field:[GameType] type:[GameType] value:[SSS_DR] 
2019-04-24 22:21:50.655[main]ERROR:BaseRefDataMgr 解析值失败 [RefRoomCost] field:[GameType] type:[GameType] value:[ZYQZ_NN] 
2019-04-24 22:21:50.656[main]ERROR:BaseRefDataMgr 解析值失败 [RefRoomCost] field:[GameType] type:[GameType] value:[NNSZ_NN] 
2019-04-24 22:21:50.657[main]ERROR:BaseRefDataMgr 解析值失败 [RefRoomCost] field:[GameType] type:[GameType] value:[GDZJ_NN] 
2019-04-24 22:21:50.659[main]ERROR:BaseRefDataMgr 解析值失败 [RefRoomCost] field:[GameType] type:[GameType] value:[MPQZ_NN] 
2019-04-24 22:21:50.660[main]ERROR:BaseRefDataMgr 解析值失败 [RefRoomCost] field:[GameType] type:[GameType] value:[TBNN_NN] 
2019-04-24 22:21:50.665[main]ERROR:BaseRefDataMgr 解析值失败 [RefRoomCost] field:[GameType] type:[GameType] value:[LZ_NN] 
2019-04-24 22:21:50.665[main]ERROR:BaseRefDataMgr 解析值失败 [RefRoomCost] field:[GameType] type:[GameType] value:[JMHHMJ] 
2019-04-24 22:21:50.665[main]ERROR:BaseRefDataMgr 解析值失败 [RefRoomCost] field:[GameType] type:[GameType] value:[SSS_ZZ] 
2019-04-24 22:21:50.665[main]ERROR:BaseRefDataMgr 解析值失败 [RefRoomCost] field:[GameType] type:[GameType] value:[SSS_DR] 
2019-04-24 22:21:52.145[main]ERROR:Service core.network.client2game.ClientAcceptor on ip 0.0.0.0, port 9999, faield!!!
{}
java.io.IOException: Error while binding on /0.0.0.0:9999
original message : Address already in use: bind
	at org.apache.mina.transport.socket.nio.NioSocketAcceptor.open(NioSocketAcceptor.java:238) ~[mina-core-2.0.9.jar:na]
	at org.apache.mina.transport.socket.nio.NioSocketAcceptor.open(NioSocketAcceptor.java:51) ~[mina-core-2.0.9.jar:na]
	at org.apache.mina.core.polling.AbstractPollingIoAcceptor.registerHandles(AbstractPollingIoAcceptor.java:583) ~[mina-core-2.0.9.jar:na]
	at org.apache.mina.core.polling.AbstractPollingIoAcceptor.access$400(AbstractPollingIoAcceptor.java:71) ~[mina-core-2.0.9.jar:na]
	at org.apache.mina.core.polling.AbstractPollingIoAcceptor$Acceptor.run(AbstractPollingIoAcceptor.java:457) ~[mina-core-2.0.9.jar:na]
	at org.apache.mina.util.NamePreservingRunnable.run(NamePreservingRunnable.java:64) ~[mina-core-2.0.9.jar:na]
	at java.util.concurrent.ThreadPoolExecutor.runWorker(ThreadPoolExecutor.java:1142) ~[na:1.8.0_131]
	at java.util.concurrent.ThreadPoolExecutor$Worker.run(ThreadPoolExecutor.java:617) ~[na:1.8.0_131]
	at java.lang.Thread.run(Thread.java:748) ~[na:1.8.0_131]
2019-04-24 22:22:08.497[main]ERROR:BaseRefDataMgr 解析值失败 [RefRoomCost] field:[GameType] type:[GameType] value:[ZYQZ_NN] 
2019-04-24 22:22:08.497[main]ERROR:BaseRefDataMgr 解析值失败 [RefRoomCost] field:[GameType] type:[GameType] value:[NNSZ_NN] 
2019-04-24 22:22:08.497[main]ERROR:BaseRefDataMgr 解析值失败 [RefRoomCost] field:[GameType] type:[GameType] value:[GDZJ_NN] 
2019-04-24 22:22:08.497[main]ERROR:BaseRefDataMgr 解析值失败 [RefRoomCost] field:[GameType] type:[GameType] value:[MPQZ_NN] 
2019-04-24 22:22:08.497[main]ERROR:BaseRefDataMgr 解析值失败 [RefRoomCost] field:[GameType] type:[GameType] value:[TBNN_NN] 
2019-04-24 22:22:08.497[main]ERROR:BaseRefDataMgr 解析值失败 [RefRoomCost] field:[GameType] type:[GameType] value:[LZ_NN] 
2019-04-24 22:22:08.513[main]ERROR:BaseRefDataMgr 解析值失败 [RefRoomCost] field:[GameType] type:[GameType] value:[JMHHMJ] 
2019-04-24 22:22:08.513[main]ERROR:BaseRefDataMgr 解析值失败 [RefRoomCost] field:[GameType] type:[GameType] value:[SSS_ZZ] 
2019-04-24 22:22:08.513[main]ERROR:BaseRefDataMgr 解析值失败 [RefRoomCost] field:[GameType] type:[GameType] value:[SSS_DR] 
2019-04-24 22:22:33.244[main]ERROR:BaseRefDataMgr 解析值失败 [RefRoomCost] field:[GameType] type:[GameType] value:[ZYQZ_NN] 
2019-04-24 22:22:33.257[main]ERROR:BaseRefDataMgr 解析值失败 [RefRoomCost] field:[GameType] type:[GameType] value:[NNSZ_NN] 
2019-04-24 22:22:33.258[main]ERROR:BaseRefDataMgr 解析值失败 [RefRoomCost] field:[GameType] type:[GameType] value:[GDZJ_NN] 
2019-04-24 22:22:33.258[main]ERROR:BaseRefDataMgr 解析值失败 [RefRoomCost] field:[GameType] type:[GameType] value:[MPQZ_NN] 
2019-04-24 22:22:33.258[main]ERROR:BaseRefDataMgr 解析值失败 [RefRoomCost] field:[GameType] type:[GameType] value:[TBNN_NN] 
2019-04-24 22:22:33.258[main]ERROR:BaseRefDataMgr 解析值失败 [RefRoomCost] field:[GameType] type:[GameType] value:[LZ_NN] 
2019-04-24 22:22:33.258[main]ERROR:BaseRefDataMgr 解析值失败 [RefRoomCost] field:[GameType] type:[GameType] value:[JMHHMJ] 
2019-04-24 22:22:33.258[main]ERROR:BaseRefDataMgr 解析值失败 [RefRoomCost] field:[GameType] type:[GameType] value:[SSS_ZZ] 
2019-04-24 22:22:33.258[main]ERROR:BaseRefDataMgr 解析值失败 [RefRoomCost] field:[GameType] type:[GameType] value:[SSS_DR] 
2019-04-24 22:22:34.727[main]ERROR:Service core.network.client2game.ClientAcceptor on ip 0.0.0.0, port 9999, faield!!!
{}
java.io.IOException: Error while binding on /0.0.0.0:9999
original message : Address already in use: bind
	at org.apache.mina.transport.socket.nio.NioSocketAcceptor.open(NioSocketAcceptor.java:238) ~[mina-core-2.0.9.jar:na]
	at org.apache.mina.transport.socket.nio.NioSocketAcceptor.open(NioSocketAcceptor.java:51) ~[mina-core-2.0.9.jar:na]
	at org.apache.mina.core.polling.AbstractPollingIoAcceptor.registerHandles(AbstractPollingIoAcceptor.java:583) ~[mina-core-2.0.9.jar:na]
	at org.apache.mina.core.polling.AbstractPollingIoAcceptor.access$400(AbstractPollingIoAcceptor.java:71) ~[mina-core-2.0.9.jar:na]
	at org.apache.mina.core.polling.AbstractPollingIoAcceptor$Acceptor.run(AbstractPollingIoAcceptor.java:457) ~[mina-core-2.0.9.jar:na]
	at org.apache.mina.util.NamePreservingRunnable.run(NamePreservingRunnable.java:64) ~[mina-core-2.0.9.jar:na]
	at java.util.concurrent.ThreadPoolExecutor.runWorker(ThreadPoolExecutor.java:1142) ~[na:1.8.0_131]
	at java.util.concurrent.ThreadPoolExecutor$Worker.run(ThreadPoolExecutor.java:617) ~[na:1.8.0_131]
	at java.lang.Thread.run(Thread.java:748) ~[na:1.8.0_131]
2019-04-24 22:22:41.013[main]ERROR:BaseRefDataMgr 解析值失败 [RefRoomCost] field:[GameType] type:[GameType] value:[ZYQZ_NN] 
2019-04-24 22:22:41.015[main]ERROR:BaseRefDataMgr 解析值失败 [RefRoomCost] field:[GameType] type:[GameType] value:[NNSZ_NN] 
2019-04-24 22:22:41.016[main]ERROR:BaseRefDataMgr 解析值失败 [RefRoomCost] field:[GameType] type:[GameType] value:[GDZJ_NN] 
2019-04-24 22:22:41.017[main]ERROR:BaseRefDataMgr 解析值失败 [RefRoomCost] field:[GameType] type:[GameType] value:[MPQZ_NN] 
2019-04-24 22:22:41.018[main]ERROR:BaseRefDataMgr 解析值失败 [RefRoomCost] field:[GameType] type:[GameType] value:[TBNN_NN] 
2019-04-24 22:22:41.019[main]ERROR:BaseRefDataMgr 解析值失败 [RefRoomCost] field:[GameType] type:[GameType] value:[LZ_NN] 
2019-04-24 22:22:41.021[main]ERROR:BaseRefDataMgr 解析值失败 [RefRoomCost] field:[GameType] type:[GameType] value:[JMHHMJ] 
2019-04-24 22:22:41.022[main]ERROR:BaseRefDataMgr 解析值失败 [RefRoomCost] field:[GameType] type:[GameType] value:[SSS_ZZ] 
2019-04-24 22:22:41.023[main]ERROR:BaseRefDataMgr 解析值失败 [RefRoomCost] field:[GameType] type:[GameType] value:[SSS_DR] 
2019-04-24 22:22:59.885[main]ERROR:BaseRefDataMgr 解析值失败 [RefRoomCost] field:[GameType] type:[GameType] value:[ZYQZ_NN] 
2019-04-24 22:22:59.885[main]ERROR:BaseRefDataMgr 解析值失败 [RefRoomCost] field:[GameType] type:[GameType] value:[NNSZ_NN] 
2019-04-24 22:22:59.885[main]ERROR:BaseRefDataMgr 解析值失败 [RefRoomCost] field:[GameType] type:[GameType] value:[GDZJ_NN] 
2019-04-24 22:22:59.885[main]ERROR:BaseRefDataMgr 解析值失败 [RefRoomCost] field:[GameType] type:[GameType] value:[MPQZ_NN] 
2019-04-24 22:22:59.885[main]ERROR:BaseRefDataMgr 解析值失败 [RefRoomCost] field:[GameType] type:[GameType] value:[TBNN_NN] 
2019-04-24 22:22:59.885[main]ERROR:BaseRefDataMgr 解析值失败 [RefRoomCost] field:[GameType] type:[GameType] value:[LZ_NN] 
2019-04-24 22:22:59.885[main]ERROR:BaseRefDataMgr 解析值失败 [RefRoomCost] field:[GameType] type:[GameType] value:[JMHHMJ] 
2019-04-24 22:22:59.885[main]ERROR:BaseRefDataMgr 解析值失败 [RefRoomCost] field:[GameType] type:[GameType] value:[SSS_ZZ] 
2019-04-24 22:22:59.885[main]ERROR:BaseRefDataMgr 解析值失败 [RefRoomCost] field:[GameType] type:[GameType] value:[SSS_DR] 
2019-04-24 22:34:24.388[main]ERROR:BaseRefDataMgr 解析值失败 [RefRoomCost] field:[GameType] type:[GameType] value:[ZYQZ_NN] 
2019-04-24 22:34:24.389[main]ERROR:BaseRefDataMgr 解析值失败 [RefRoomCost] field:[GameType] type:[GameType] value:[NNSZ_NN] 
2019-04-24 22:34:24.390[main]ERROR:BaseRefDataMgr 解析值失败 [RefRoomCost] field:[GameType] type:[GameType] value:[GDZJ_NN] 
2019-04-24 22:34:24.390[main]ERROR:BaseRefDataMgr 解析值失败 [RefRoomCost] field:[GameType] type:[GameType] value:[MPQZ_NN] 
2019-04-24 22:34:24.390[main]ERROR:BaseRefDataMgr 解析值失败 [RefRoomCost] field:[GameType] type:[GameType] value:[TBNN_NN] 
2019-04-24 22:34:24.390[main]ERROR:BaseRefDataMgr 解析值失败 [RefRoomCost] field:[GameType] type:[GameType] value:[LZ_NN] 
2019-04-24 22:34:24.390[main]ERROR:BaseRefDataMgr 解析值失败 [RefRoomCost] field:[GameType] type:[GameType] value:[JMHHMJ] 
2019-04-24 22:34:24.390[main]ERROR:BaseRefDataMgr 解析值失败 [RefRoomCost] field:[GameType] type:[GameType] value:[SSS_ZZ] 
2019-04-24 22:34:24.390[main]ERROR:BaseRefDataMgr 解析值失败 [RefRoomCost] field:[GameType] type:[GameType] value:[SSS_DR] 
2019-04-24 22:34:25.466[main]ERROR:Service core.network.client2game.ClientAcceptor on ip 0.0.0.0, port 9999, faield!!!
{}
java.io.IOException: Error while binding on /0.0.0.0:9999
original message : Address already in use: bind
	at org.apache.mina.transport.socket.nio.NioSocketAcceptor.open(NioSocketAcceptor.java:238) ~[mina-core-2.0.9.jar:na]
	at org.apache.mina.transport.socket.nio.NioSocketAcceptor.open(NioSocketAcceptor.java:51) ~[mina-core-2.0.9.jar:na]
	at org.apache.mina.core.polling.AbstractPollingIoAcceptor.registerHandles(AbstractPollingIoAcceptor.java:583) ~[mina-core-2.0.9.jar:na]
	at org.apache.mina.core.polling.AbstractPollingIoAcceptor.access$400(AbstractPollingIoAcceptor.java:71) ~[mina-core-2.0.9.jar:na]
	at org.apache.mina.core.polling.AbstractPollingIoAcceptor$Acceptor.run(AbstractPollingIoAcceptor.java:457) ~[mina-core-2.0.9.jar:na]
	at org.apache.mina.util.NamePreservingRunnable.run(NamePreservingRunnable.java:64) ~[mina-core-2.0.9.jar:na]
	at java.util.concurrent.ThreadPoolExecutor.runWorker(ThreadPoolExecutor.java:1142) ~[na:1.8.0_131]
	at java.util.concurrent.ThreadPoolExecutor$Worker.run(ThreadPoolExecutor.java:617) ~[na:1.8.0_131]
	at java.lang.Thread.run(Thread.java:748) ~[na:1.8.0_131]
2019-04-24 22:34:30.655[main]ERROR:BaseRefDataMgr 解析值失败 [RefRoomCost] field:[GameType] type:[GameType] value:[ZYQZ_NN] 
2019-04-24 22:34:30.655[main]ERROR:BaseRefDataMgr 解析值失败 [RefRoomCost] field:[GameType] type:[GameType] value:[NNSZ_NN] 
2019-04-24 22:34:30.655[main]ERROR:BaseRefDataMgr 解析值失败 [RefRoomCost] field:[GameType] type:[GameType] value:[GDZJ_NN] 
2019-04-24 22:34:30.655[main]ERROR:BaseRefDataMgr 解析值失败 [RefRoomCost] field:[GameType] type:[GameType] value:[MPQZ_NN] 
2019-04-24 22:34:30.655[main]ERROR:BaseRefDataMgr 解析值失败 [RefRoomCost] field:[GameType] type:[GameType] value:[TBNN_NN] 
2019-04-24 22:34:30.655[main]ERROR:BaseRefDataMgr 解析值失败 [RefRoomCost] field:[GameType] type:[GameType] value:[LZ_NN] 
2019-04-24 22:34:30.655[main]ERROR:BaseRefDataMgr 解析值失败 [RefRoomCost] field:[GameType] type:[GameType] value:[JMHHMJ] 
2019-04-24 22:34:30.655[main]ERROR:BaseRefDataMgr 解析值失败 [RefRoomCost] field:[GameType] type:[GameType] value:[SSS_ZZ] 
2019-04-24 22:34:30.655[main]ERROR:BaseRefDataMgr 解析值失败 [RefRoomCost] field:[GameType] type:[GameType] value:[SSS_DR] 
2019-04-24 22:34:47.127[main]ERROR:BaseRefDataMgr 解析值失败 [RefRoomCost] field:[GameType] type:[GameType] value:[ZYQZ_NN] 
2019-04-24 22:34:47.127[main]ERROR:BaseRefDataMgr 解析值失败 [RefRoomCost] field:[GameType] type:[GameType] value:[NNSZ_NN] 
2019-04-24 22:34:47.127[main]ERROR:BaseRefDataMgr 解析值失败 [RefRoomCost] field:[GameType] type:[GameType] value:[GDZJ_NN] 
2019-04-24 22:34:47.127[main]ERROR:BaseRefDataMgr 解析值失败 [RefRoomCost] field:[GameType] type:[GameType] value:[MPQZ_NN] 
2019-04-24 22:34:47.127[main]ERROR:BaseRefDataMgr 解析值失败 [RefRoomCost] field:[GameType] type:[GameType] value:[TBNN_NN] 
2019-04-24 22:34:47.143[main]ERROR:BaseRefDataMgr 解析值失败 [RefRoomCost] field:[GameType] type:[GameType] value:[LZ_NN] 
2019-04-24 22:34:47.143[main]ERROR:BaseRefDataMgr 解析值失败 [RefRoomCost] field:[GameType] type:[GameType] value:[JMHHMJ] 
2019-04-24 22:34:47.143[main]ERROR:BaseRefDataMgr 解析值失败 [RefRoomCost] field:[GameType] type:[GameType] value:[SSS_ZZ] 
2019-04-24 22:34:47.143[main]ERROR:BaseRefDataMgr 解析值失败 [RefRoomCost] field:[GameType] type:[GameType] value:[SSS_DR] 
2019-04-24 22:37:08.634[main]ERROR:BaseRefDataMgr 解析值失败 [RefRoomCost] field:[GameType] type:[GameType] value:[ZYQZ_NN] 
2019-04-24 22:37:08.649[main]ERROR:BaseRefDataMgr 解析值失败 [RefRoomCost] field:[GameType] type:[GameType] value:[NNSZ_NN] 
2019-04-24 22:37:08.649[main]ERROR:BaseRefDataMgr 解析值失败 [RefRoomCost] field:[GameType] type:[GameType] value:[GDZJ_NN] 
2019-04-24 22:37:08.649[main]ERROR:BaseRefDataMgr 解析值失败 [RefRoomCost] field:[GameType] type:[GameType] value:[MPQZ_NN] 
2019-04-24 22:37:08.649[main]ERROR:BaseRefDataMgr 解析值失败 [RefRoomCost] field:[GameType] type:[GameType] value:[TBNN_NN] 
2019-04-24 22:37:08.649[main]ERROR:BaseRefDataMgr 解析值失败 [RefRoomCost] field:[GameType] type:[GameType] value:[LZ_NN] 
2019-04-24 22:37:08.649[main]ERROR:BaseRefDataMgr 解析值失败 [RefRoomCost] field:[GameType] type:[GameType] value:[JMHHMJ] 
2019-04-24 22:37:08.649[main]ERROR:BaseRefDataMgr 解析值失败 [RefRoomCost] field:[GameType] type:[GameType] value:[SSS_ZZ] 
2019-04-24 22:37:08.649[main]ERROR:BaseRefDataMgr 解析值失败 [RefRoomCost] field:[GameType] type:[GameType] value:[SSS_DR] 
2019-04-24 22:37:20.526[main]ERROR:BaseRefDataMgr 解析值失败 [RefRoomCost] field:[GameType] type:[GameType] value:[ZYQZ_NN] 
2019-04-24 22:37:20.526[main]ERROR:BaseRefDataMgr 解析值失败 [RefRoomCost] field:[GameType] type:[GameType] value:[NNSZ_NN] 
2019-04-24 22:37:20.526[main]ERROR:BaseRefDataMgr 解析值失败 [RefRoomCost] field:[GameType] type:[GameType] value:[GDZJ_NN] 
2019-04-24 22:37:20.526[main]ERROR:BaseRefDataMgr 解析值失败 [RefRoomCost] field:[GameType] type:[GameType] value:[MPQZ_NN] 
2019-04-24 22:37:20.526[main]ERROR:BaseRefDataMgr 解析值失败 [RefRoomCost] field:[GameType] type:[GameType] value:[TBNN_NN] 
2019-04-24 22:37:20.526[main]ERROR:BaseRefDataMgr 解析值失败 [RefRoomCost] field:[GameType] type:[GameType] value:[LZ_NN] 
2019-04-24 22:37:20.526[main]ERROR:BaseRefDataMgr 解析值失败 [RefRoomCost] field:[GameType] type:[GameType] value:[JMHHMJ] 
2019-04-24 22:37:20.526[main]ERROR:BaseRefDataMgr 解析值失败 [RefRoomCost] field:[GameType] type:[GameType] value:[SSS_ZZ] 
2019-04-24 22:37:20.526[main]ERROR:BaseRefDataMgr 解析值失败 [RefRoomCost] field:[GameType] type:[GameType] value:[SSS_DR] 
